{"C:\\Users\\luiza\\OneDrive\\Documentos\\Antigravity\\FerramentaFinanceiraTeste\\src\\commands\\ForgotCommand.js": {"path":"C:\\Users\\luiza\\OneDrive\\Documentos\\Antigravity\\FerramentaFinanceiraTeste\\src\\commands\\ForgotCommand.js","statementMap":{"0":{"start":{"line":1,"column":23},"end":{"line":1,"column":60}},"1":{"start":{"line":5,"column":8},"end":{"line":5,"column":38}},"2":{"start":{"line":9,"column":8},"end":{"line":9,"column":65}},"3":{"start":{"line":13,"column":8},"end":{"line":13,"column":51}},"4":{"start":{"line":14,"column":8},"end":{"line":14,"column":52}},"5":{"start":{"line":15,"column":8},"end":{"line":15,"column":61}},"6":{"start":{"line":16,"column":8},"end":{"line":16,"column":133}},"7":{"start":{"line":17,"column":8},"end":{"line":17,"column":33}},"8":{"start":{"line":21,"column":0},"end":{"line":21,"column":37}}},"fnMap":{"0":{"name":"(anonymous_0)","decl":{"start":{"line":4,"column":4},"end":{"line":4,"column":5}},"loc":{"start":{"line":4,"column":18},"end":{"line":6,"column":5}},"line":4},"1":{"name":"(anonymous_1)","decl":{"start":{"line":8,"column":4},"end":{"line":8,"column":5}},"loc":{"start":{"line":8,"column":18},"end":{"line":10,"column":5}},"line":8},"2":{"name":"(anonymous_2)","decl":{"start":{"line":12,"column":4},"end":{"line":12,"column":5}},"loc":{"start":{"line":12,"column":33},"end":{"line":18,"column":5}},"line":12}},"branchMap":{},"s":{"0":1,"1":1,"2":2,"3":0,"4":0,"5":0,"6":0,"7":0,"8":1},"f":{"0":1,"1":2,"2":0},"b":{},"_coverageSchema":"1a1c01bbd47fc00a2c39e90264f33305004495a9","hash":"13f001e609ecb76c83bc11e7648fbd9c8260087f"}
,"C:\\Users\\luiza\\OneDrive\\Documentos\\Antigravity\\FerramentaFinanceiraTeste\\src\\commands\\OnboardingCommand.js": {"path":"C:\\Users\\luiza\\OneDrive\\Documentos\\Antigravity\\FerramentaFinanceiraTeste\\src\\commands\\OnboardingCommand.js","statementMap":{"0":{"start":{"line":1,"column":23},"end":{"line":1,"column":60}},"1":{"start":{"line":5,"column":8},"end":{"line":5,"column":50}},"2":{"start":{"line":9,"column":8},"end":{"line":9,"column":65}},"3":{"start":{"line":13,"column":8},"end":{"line":13,"column":51}},"4":{"start":{"line":14,"column":8},"end":{"line":14,"column":52}},"5":{"start":{"line":15,"column":8},"end":{"line":15,"column":61}},"6":{"start":{"line":18,"column":8},"end":{"line":18,"column":159}},"7":{"start":{"line":21,"column":8},"end":{"line":21,"column":50}},"8":{"start":{"line":25,"column":0},"end":{"line":25,"column":41}}},"fnMap":{"0":{"name":"(anonymous_0)","decl":{"start":{"line":4,"column":4},"end":{"line":4,"column":5}},"loc":{"start":{"line":4,"column":18},"end":{"line":6,"column":5}},"line":4},"1":{"name":"(anonymous_1)","decl":{"start":{"line":8,"column":4},"end":{"line":8,"column":5}},"loc":{"start":{"line":8,"column":18},"end":{"line":10,"column":5}},"line":8},"2":{"name":"(anonymous_2)","decl":{"start":{"line":12,"column":4},"end":{"line":12,"column":5}},"loc":{"start":{"line":12,"column":33},"end":{"line":22,"column":5}},"line":12}},"branchMap":{},"s":{"0":1,"1":1,"2":2,"3":0,"4":0,"5":0,"6":0,"7":0,"8":1},"f":{"0":1,"1":2,"2":0},"b":{},"_coverageSchema":"1a1c01bbd47fc00a2c39e90264f33305004495a9","hash":"d00f08bb9c421b46d9809f2e81f1272441531c86"}
,"C:\\Users\\luiza\\OneDrive\\Documentos\\Antigravity\\FerramentaFinanceiraTeste\\src\\commands\\ReportCommand.js": {"path":"C:\\Users\\luiza\\OneDrive\\Documentos\\Antigravity\\FerramentaFinanceiraTeste\\src\\commands\\ReportCommand.js","statementMap":{"0":{"start":{"line":1,"column":22},"end":{"line":1,"column":58}},"1":{"start":{"line":2,"column":15},"end":{"line":2,"column":51}},"2":{"start":{"line":6,"column":8},"end":{"line":6,"column":39}},"3":{"start":{"line":10,"column":8},"end":{"line":10,"column":65}},"4":{"start":{"line":14,"column":8},"end":{"line":14,"column":94}},"5":{"start":{"line":15,"column":8},"end":{"line":31,"column":9}},"6":{"start":{"line":16,"column":30},"end":{"line":16,"column":80}},"7":{"start":{"line":17,"column":30},"end":{"line":17,"column":58}},"8":{"start":{"line":19,"column":26},"end":{"line":23,"column":13}},"9":{"start":{"line":25,"column":12},"end":{"line":25,"column":39}},"10":{"start":{"line":26,"column":12},"end":{"line":26,"column":37}},"11":{"start":{"line":28,"column":12},"end":{"line":28,"column":69}},"12":{"start":{"line":29,"column":12},"end":{"line":29,"column":92}},"13":{"start":{"line":30,"column":12},"end":{"line":30,"column":37}},"14":{"start":{"line":35,"column":0},"end":{"line":35,"column":37}}},"fnMap":{"0":{"name":"(anonymous_0)","decl":{"start":{"line":5,"column":4},"end":{"line":5,"column":5}},"loc":{"start":{"line":5,"column":18},"end":{"line":7,"column":5}},"line":5},"1":{"name":"(anonymous_1)","decl":{"start":{"line":9,"column":4},"end":{"line":9,"column":5}},"loc":{"start":{"line":9,"column":18},"end":{"line":11,"column":5}},"line":9},"2":{"name":"(anonymous_2)","decl":{"start":{"line":13,"column":4},"end":{"line":13,"column":5}},"loc":{"start":{"line":13,"column":33},"end":{"line":32,"column":5}},"line":13}},"branchMap":{},"s":{"0":1,"1":1,"2":1,"3":2,"4":0,"5":0,"6":0,"7":0,"8":0,"9":0,"10":0,"11":0,"12":0,"13":0,"14":1},"f":{"0":1,"1":2,"2":0},"b":{},"_coverageSchema":"1a1c01bbd47fc00a2c39e90264f33305004495a9","hash":"ede11472ea1bb37ef34a5f46903f5c0ddecb02a4"}
,"C:\\Users\\luiza\\OneDrive\\Documentos\\Antigravity\\FerramentaFinanceiraTeste\\src\\commands\\ResetCommand.js": {"path":"C:\\Users\\luiza\\OneDrive\\Documentos\\Antigravity\\FerramentaFinanceiraTeste\\src\\commands\\ResetCommand.js","statementMap":{"0":{"start":{"line":1,"column":23},"end":{"line":1,"column":60}},"1":{"start":{"line":2,"column":17},"end":{"line":2,"column":58}},"2":{"start":{"line":3,"column":15},"end":{"line":3,"column":51}},"3":{"start":{"line":7,"column":8},"end":{"line":7,"column":52}},"4":{"start":{"line":11,"column":8},"end":{"line":11,"column":65}},"5":{"start":{"line":15,"column":8},"end":{"line":15,"column":70}},"6":{"start":{"line":16,"column":8},"end":{"line":31,"column":9}},"7":{"start":{"line":18,"column":12},"end":{"line":18,"column":55}},"8":{"start":{"line":19,"column":12},"end":{"line":19,"column":56}},"9":{"start":{"line":20,"column":12},"end":{"line":20,"column":65}},"10":{"start":{"line":23,"column":12},"end":{"line":23,"column":43}},"11":{"start":{"line":25,"column":12},"end":{"line":25,"column":115}},"12":{"start":{"line":26,"column":12},"end":{"line":26,"column":37}},"13":{"start":{"line":28,"column":12},"end":{"line":28,"column":43}},"14":{"start":{"line":29,"column":12},"end":{"line":29,"column":71}},"15":{"start":{"line":30,"column":12},"end":{"line":30,"column":37}},"16":{"start":{"line":35,"column":0},"end":{"line":35,"column":36}}},"fnMap":{"0":{"name":"(anonymous_0)","decl":{"start":{"line":6,"column":4},"end":{"line":6,"column":5}},"loc":{"start":{"line":6,"column":18},"end":{"line":8,"column":5}},"line":6},"1":{"name":"(anonymous_1)","decl":{"start":{"line":10,"column":4},"end":{"line":10,"column":5}},"loc":{"start":{"line":10,"column":18},"end":{"line":12,"column":5}},"line":10},"2":{"name":"(anonymous_2)","decl":{"start":{"line":14,"column":4},"end":{"line":14,"column":5}},"loc":{"start":{"line":14,"column":33},"end":{"line":32,"column":5}},"line":14}},"branchMap":{},"s":{"0":1,"1":1,"2":1,"3":1,"4":2,"5":0,"6":0,"7":0,"8":0,"9":0,"10":0,"11":0,"12":0,"13":0,"14":0,"15":0,"16":1},"f":{"0":1,"1":2,"2":0},"b":{},"_coverageSchema":"1a1c01bbd47fc00a2c39e90264f33305004495a9","hash":"15eef6f7a7865e1150c95251b0f729a30f5dce4c"}
,"C:\\Users\\luiza\\OneDrive\\Documentos\\Antigravity\\FerramentaFinanceiraTeste\\src\\factories\\MediaStrategyFactory.js": {"path":"C:\\Users\\luiza\\OneDrive\\Documentos\\Antigravity\\FerramentaFinanceiraTeste\\src\\factories\\MediaStrategyFactory.js","statementMap":{"0":{"start":{"line":1,"column":22},"end":{"line":1,"column":60}},"1":{"start":{"line":2,"column":22},"end":{"line":2,"column":60}},"2":{"start":{"line":3,"column":20},"end":{"line":3,"column":56}},"3":{"start":{"line":4,"column":20},"end":{"line":4,"column":56}},"4":{"start":{"line":5,"column":20},"end":{"line":5,"column":56}},"5":{"start":{"line":6,"column":21},"end":{"line":6,"column":58}},"6":{"start":{"line":7,"column":25},"end":{"line":7,"column":66}},"7":{"start":{"line":11,"column":8},"end":{"line":19,"column":10}},"8":{"start":{"line":23,"column":25},"end":{"line":23,"column":46}},"9":{"start":{"line":24,"column":8},"end":{"line":26,"column":9}},"10":{"start":{"line":25,"column":12},"end":{"line":25,"column":57}},"11":{"start":{"line":27,"column":8},"end":{"line":27,"column":24}},"12":{"start":{"line":31,"column":0},"end":{"line":31,"column":44}}},"fnMap":{"0":{"name":"(anonymous_0)","decl":{"start":{"line":10,"column":4},"end":{"line":10,"column":5}},"loc":{"start":{"line":10,"column":18},"end":{"line":20,"column":5}},"line":10},"1":{"name":"(anonymous_1)","decl":{"start":{"line":22,"column":4},"end":{"line":22,"column":5}},"loc":{"start":{"line":22,"column":22},"end":{"line":28,"column":5}},"line":22}},"branchMap":{"0":{"loc":{"start":{"line":24,"column":8},"end":{"line":26,"column":9}},"type":"if","locations":[{"start":{"line":24,"column":8},"end":{"line":26,"column":9}},{"start":{},"end":{}}],"line":24}},"s":{"0":1,"1":1,"2":1,"3":1,"4":1,"5":1,"6":1,"7":1,"8":0,"9":0,"10":0,"11":0,"12":1},"f":{"0":1,"1":0},"b":{"0":[0,0]},"_coverageSchema":"1a1c01bbd47fc00a2c39e90264f33305004495a9","hash":"8ee4e276f57ef54b1b55656db8733fdfd153b89e"}
,"C:\\Users\\luiza\\OneDrive\\Documentos\\Antigravity\\FerramentaFinanceiraTeste\\src\\handlers\\AiConversationHandler.js": {"path":"C:\\Users\\luiza\\OneDrive\\Documentos\\Antigravity\\FerramentaFinanceiraTeste\\src\\handlers\\AiConversationHandler.js","statementMap":{"0":{"start":{"line":1,"column":21},"end":{"line":1,"column":58}},"1":{"start":{"line":2,"column":29},"end":{"line":2,"column":68}},"2":{"start":{"line":3,"column":33},"end":{"line":3,"column":69}},"3":{"start":{"line":4,"column":23},"end":{"line":4,"column":60}},"4":{"start":{"line":5,"column":15},"end":{"line":5,"column":51}},"5":{"start":{"line":10,"column":18},"end":{"line":10,"column":22}},"6":{"start":{"line":11,"column":23},"end":{"line":11,"column":40}},"7":{"start":{"line":12,"column":22},"end":{"line":12,"column":43}},"8":{"start":{"line":14,"column":4},"end":{"line":16,"column":5}},"9":{"start":{"line":15,"column":8},"end":{"line":15,"column":60}},"10":{"start":{"line":17,"column":4},"end":{"line":17,"column":19}},"11":{"start":{"line":21,"column":4},"end":{"line":37,"column":5}},"12":{"start":{"line":22,"column":20},"end":{"line":22,"column":49}},"13":{"start":{"line":23,"column":23},"end":{"line":23,"column":29}},"14":{"start":{"line":25,"column":8},"end":{"line":30,"column":11}},"15":{"start":{"line":29,"column":41},"end":{"line":29,"column":45}},"16":{"start":{"line":32,"column":28},"end":{"line":34,"column":33}},"17":{"start":{"line":35,"column":8},"end":{"line":35,"column":41}},"18":{"start":{"line":36,"column":8},"end":{"line":36,"column":20}},"19":{"start":{"line":38,"column":4},"end":{"line":38,"column":17}},"20":{"start":{"line":43,"column":18},"end":{"line":43,"column":53}},"21":{"start":{"line":43,"column":31},"end":{"line":43,"column":53}},"22":{"start":{"line":45,"column":26},"end":{"line":48,"column":5}},"23":{"start":{"line":50,"column":29},"end":{"line":50,"column":86}},"24":{"start":{"line":53,"column":4},"end":{"line":53,"column":81}},"25":{"start":{"line":61,"column":54},"end":{"line":61,"column":70}},"26":{"start":{"line":62,"column":22},"end":{"line":62,"column":50}},"27":{"start":{"line":63,"column":8},"end":{"line":63,"column":59}},"28":{"start":{"line":68,"column":37},"end":{"line":68,"column":101}},"29":{"start":{"line":70,"column":8},"end":{"line":78,"column":9}},"30":{"start":{"line":71,"column":12},"end":{"line":74,"column":15}},"31":{"start":{"line":75,"column":12},"end":{"line":75,"column":107}},"32":{"start":{"line":77,"column":12},"end":{"line":77,"column":38}},"33":{"start":{"line":83,"column":8},"end":{"line":88,"column":9}},"34":{"start":{"line":84,"column":12},"end":{"line":84,"column":85}},"35":{"start":{"line":85,"column":12},"end":{"line":85,"column":80}},"36":{"start":{"line":87,"column":12},"end":{"line":87,"column":38}},"37":{"start":{"line":93,"column":24},"end":{"line":93,"column":46}},"38":{"start":{"line":95,"column":8},"end":{"line":108,"column":9}},"39":{"start":{"line":96,"column":30},"end":{"line":96,"column":49}},"40":{"start":{"line":97,"column":31},"end":{"line":97,"column":68}},"41":{"start":{"line":99,"column":12},"end":{"line":102,"column":13}},"42":{"start":{"line":100,"column":16},"end":{"line":100,"column":92}},"43":{"start":{"line":101,"column":16},"end":{"line":101,"column":23}},"44":{"start":{"line":104,"column":12},"end":{"line":104,"column":84}},"45":{"start":{"line":107,"column":12},"end":{"line":107,"column":72}},"46":{"start":{"line":113,"column":24},"end":{"line":113,"column":40}},"47":{"start":{"line":114,"column":8},"end":{"line":114,"column":61}},"48":{"start":{"line":115,"column":8},"end":{"line":115,"column":71}},"49":{"start":{"line":117,"column":8},"end":{"line":117,"column":66}},"50":{"start":{"line":122,"column":21},"end":{"line":124,"column":46}},"51":{"start":{"line":126,"column":8},"end":{"line":126,"column":90}},"52":{"start":{"line":128,"column":8},"end":{"line":128,"column":67}},"53":{"start":{"line":133,"column":24},"end":{"line":133,"column":36}},"54":{"start":{"line":134,"column":25},"end":{"line":134,"column":88}},"55":{"start":{"line":137,"column":8},"end":{"line":140,"column":9}},"56":{"start":{"line":138,"column":12},"end":{"line":138,"column":63}},"57":{"start":{"line":139,"column":12},"end":{"line":139,"column":19}},"58":{"start":{"line":143,"column":8},"end":{"line":152,"column":9}},"59":{"start":{"line":144,"column":35},"end":{"line":150,"column":13}},"60":{"start":{"line":151,"column":12},"end":{"line":151,"column":76}},"61":{"start":{"line":156,"column":0},"end":{"line":162,"column":2}}},"fnMap":{"0":{"name":"_parseAIResponse","decl":{"start":{"line":9,"column":9},"end":{"line":9,"column":25}},"loc":{"start":{"line":9,"column":32},"end":{"line":18,"column":1}},"line":9},"1":{"name":"_handleHITL","decl":{"start":{"line":20,"column":15},"end":{"line":20,"column":26}},"loc":{"start":{"line":20,"column":85},"end":{"line":39,"column":1}},"line":20},"2":{"name":"(anonymous_2)","decl":{"start":{"line":29,"column":36},"end":{"line":29,"column":37}},"loc":{"start":{"line":29,"column":41},"end":{"line":29,"column":45}},"line":29},"3":{"name":"_processTransactionData","decl":{"start":{"line":41,"column":15},"end":{"line":41,"column":38}},"loc":{"start":{"line":41,"column":93},"end":{"line":54,"column":1}},"line":41},"4":{"name":"(anonymous_4)","decl":{"start":{"line":43,"column":18},"end":{"line":43,"column":19}},"loc":{"start":{"line":43,"column":31},"end":{"line":43,"column":53}},"line":43},"5":{"name":"(anonymous_5)","decl":{"start":{"line":60,"column":4},"end":{"line":60,"column":5}},"loc":{"start":{"line":60,"column":50},"end":{"line":64,"column":5}},"line":60},"6":{"name":"(anonymous_6)","decl":{"start":{"line":67,"column":4},"end":{"line":67,"column":5}},"loc":{"start":{"line":67,"column":71},"end":{"line":79,"column":5}},"line":67},"7":{"name":"(anonymous_7)","decl":{"start":{"line":82,"column":4},"end":{"line":82,"column":5}},"loc":{"start":{"line":82,"column":63},"end":{"line":89,"column":5}},"line":82},"8":{"name":"(anonymous_8)","decl":{"start":{"line":92,"column":4},"end":{"line":92,"column":5}},"loc":{"start":{"line":92,"column":72},"end":{"line":109,"column":5}},"line":92},"9":{"name":"(anonymous_9)","decl":{"start":{"line":112,"column":4},"end":{"line":112,"column":5}},"loc":{"start":{"line":112,"column":67},"end":{"line":118,"column":5}},"line":112},"10":{"name":"(anonymous_10)","decl":{"start":{"line":121,"column":4},"end":{"line":121,"column":5}},"loc":{"start":{"line":121,"column":75},"end":{"line":129,"column":5}},"line":121},"11":{"name":"(anonymous_11)","decl":{"start":{"line":132,"column":4},"end":{"line":132,"column":5}},"loc":{"start":{"line":132,"column":45},"end":{"line":153,"column":5}},"line":132}},"branchMap":{"0":{"loc":{"start":{"line":14,"column":4},"end":{"line":16,"column":5}},"type":"if","locations":[{"start":{"line":14,"column":4},"end":{"line":16,"column":5}},{"start":{},"end":{}}],"line":14},"1":{"loc":{"start":{"line":14,"column":8},"end":{"line":14,"column":71}},"type":"binary-expr","locations":[{"start":{"line":14,"column":8},"end":{"line":14,"column":25}},{"start":{"line":14,"column":29},"end":{"line":14,"column":45}},{"start":{"line":14,"column":49},"end":{"line":14,"column":71}}],"line":14},"2":{"loc":{"start":{"line":21,"column":4},"end":{"line":37,"column":5}},"type":"if","locations":[{"start":{"line":21,"column":4},"end":{"line":37,"column":5}},{"start":{},"end":{}}],"line":21},"3":{"loc":{"start":{"line":21,"column":8},"end":{"line":21,"column":72}},"type":"binary-expr","locations":[{"start":{"line":21,"column":8},"end":{"line":21,"column":24}},{"start":{"line":21,"column":28},"end":{"line":21,"column":72}}],"line":21},"4":{"loc":{"start":{"line":47,"column":24},"end":{"line":47,"column":71}},"type":"binary-expr","locations":[{"start":{"line":47,"column":24},"end":{"line":47,"column":56}},{"start":{"line":47,"column":60},"end":{"line":47,"column":71}}],"line":47},"5":{"loc":{"start":{"line":68,"column":37},"end":{"line":68,"column":101}},"type":"binary-expr","locations":[{"start":{"line":68,"column":37},"end":{"line":68,"column":65}},{"start":{"line":68,"column":69},"end":{"line":68,"column":101}}],"line":68},"6":{"loc":{"start":{"line":70,"column":8},"end":{"line":78,"column":9}},"type":"if","locations":[{"start":{"line":70,"column":8},"end":{"line":78,"column":9}},{"start":{"line":76,"column":15},"end":{"line":78,"column":9}}],"line":70},"7":{"loc":{"start":{"line":83,"column":8},"end":{"line":88,"column":9}},"type":"if","locations":[{"start":{"line":83,"column":8},"end":{"line":88,"column":9}},{"start":{"line":86,"column":15},"end":{"line":88,"column":9}}],"line":83},"8":{"loc":{"start":{"line":99,"column":12},"end":{"line":102,"column":13}},"type":"if","locations":[{"start":{"line":99,"column":12},"end":{"line":102,"column":13}},{"start":{},"end":{}}],"line":99},"9":{"loc":{"start":{"line":117,"column":15},"end":{"line":117,"column":65}},"type":"cond-expr","locations":[{"start":{"line":117,"column":37},"end":{"line":117,"column":55}},{"start":{"line":117,"column":58},"end":{"line":117,"column":65}}],"line":117},"10":{"loc":{"start":{"line":122,"column":21},"end":{"line":124,"column":46}},"type":"cond-expr","locations":[{"start":{"line":123,"column":14},"end":{"line":123,"column":30}},{"start":{"line":124,"column":14},"end":{"line":124,"column":46}}],"line":122},"11":{"loc":{"start":{"line":137,"column":8},"end":{"line":140,"column":9}},"type":"if","locations":[{"start":{"line":137,"column":8},"end":{"line":140,"column":9}},{"start":{},"end":{}}],"line":137},"12":{"loc":{"start":{"line":143,"column":8},"end":{"line":152,"column":9}},"type":"if","locations":[{"start":{"line":143,"column":8},"end":{"line":152,"column":9}},{"start":{},"end":{}}],"line":143},"13":{"loc":{"start":{"line":143,"column":12},"end":{"line":143,"column":80}},"type":"binary-expr","locations":[{"start":{"line":143,"column":12},"end":{"line":143,"column":43}},{"start":{"line":143,"column":47},"end":{"line":143,"column":80}}],"line":143}},"s":{"0":3,"1":3,"2":3,"3":3,"4":3,"5":10,"6":10,"7":10,"8":10,"9":7,"10":10,"11":5,"12":2,"13":2,"14":2,"15":2,"16":2,"17":2,"18":2,"19":3,"20":2,"21":1,"22":2,"23":2,"24":1,"25":0,"26":0,"27":0,"28":0,"29":0,"30":0,"31":0,"32":0,"33":1,"34":0,"35":0,"36":1,"37":1,"38":1,"39":1,"40":0,"41":0,"42":0,"43":0,"44":0,"45":1,"46":1,"47":1,"48":1,"49":1,"50":1,"51":1,"52":1,"53":1,"54":1,"55":1,"56":0,"57":0,"58":1,"59":1,"60":1,"61":3},"f":{"0":10,"1":5,"2":2,"3":2,"4":1,"5":0,"6":0,"7":1,"8":1,"9":1,"10":1,"11":1},"b":{"0":[7,3],"1":[10,7,7],"2":[2,3],"3":[5,5],"4":[2,1],"5":[0,0],"6":[0,0],"7":[0,1],"8":[0,0],"9":[1,0],"10":[1,0],"11":[0,1],"12":[1,0],"13":[1,0]},"_coverageSchema":"1a1c01bbd47fc00a2c39e90264f33305004495a9","hash":"950bb0a5e41a06a8a4917156b74d772d46f88595"}
,"C:\\Users\\luiza\\OneDrive\\Documentos\\Antigravity\\FerramentaFinanceiraTeste\\src\\handlers\\CommandDispatcher.js": {"path":"C:\\Users\\luiza\\OneDrive\\Documentos\\Antigravity\\FerramentaFinanceiraTeste\\src\\handlers\\CommandDispatcher.js","statementMap":{"0":{"start":{"line":1,"column":21},"end":{"line":1,"column":56}},"1":{"start":{"line":2,"column":22},"end":{"line":2,"column":58}},"2":{"start":{"line":3,"column":22},"end":{"line":3,"column":58}},"3":{"start":{"line":4,"column":26},"end":{"line":4,"column":66}},"4":{"start":{"line":8,"column":8},"end":{"line":13,"column":10}},"5":{"start":{"line":17,"column":26},"end":{"line":17,"column":59}},"6":{"start":{"line":19,"column":8},"end":{"line":23,"column":9}},"7":{"start":{"line":20,"column":12},"end":{"line":22,"column":13}},"8":{"start":{"line":21,"column":16},"end":{"line":21,"column":56}},"9":{"start":{"line":24,"column":8},"end":{"line":24,"column":34}},"10":{"start":{"line":28,"column":0},"end":{"line":28,"column":41}}},"fnMap":{"0":{"name":"(anonymous_0)","decl":{"start":{"line":7,"column":4},"end":{"line":7,"column":5}},"loc":{"start":{"line":7,"column":18},"end":{"line":14,"column":5}},"line":7},"1":{"name":"(anonymous_1)","decl":{"start":{"line":16,"column":4},"end":{"line":16,"column":5}},"loc":{"start":{"line":16,"column":34},"end":{"line":25,"column":5}},"line":16}},"branchMap":{"0":{"loc":{"start":{"line":20,"column":12},"end":{"line":22,"column":13}},"type":"if","locations":[{"start":{"line":20,"column":12},"end":{"line":22,"column":13}},{"start":{},"end":{}}],"line":20}},"s":{"0":1,"1":1,"2":1,"3":1,"4":1,"5":2,"6":2,"7":8,"8":0,"9":2,"10":1},"f":{"0":1,"1":2},"b":{"0":[0,8]},"_coverageSchema":"1a1c01bbd47fc00a2c39e90264f33305004495a9","hash":"61b3f888bb45dbd0a1c313984b8deef605786e54"}
,"C:\\Users\\luiza\\OneDrive\\Documentos\\Antigravity\\FerramentaFinanceiraTeste\\src\\handlers\\FeedbackHandler.js": {"path":"C:\\Users\\luiza\\OneDrive\\Documentos\\Antigravity\\FerramentaFinanceiraTeste\\src\\handlers\\FeedbackHandler.js","statementMap":{"0":{"start":{"line":1,"column":23},"end":{"line":1,"column":60}},"1":{"start":{"line":2,"column":30},"end":{"line":2,"column":78}},"2":{"start":{"line":3,"column":24},"end":{"line":3,"column":61}},"3":{"start":{"line":6,"column":24},"end":{"line":6,"column":62}},"4":{"start":{"line":7,"column":21},"end":{"line":7,"column":56}},"5":{"start":{"line":8,"column":15},"end":{"line":8,"column":51}},"6":{"start":{"line":12,"column":26},"end":{"line":12,"column":59}},"7":{"start":{"line":15,"column":33},"end":{"line":15,"column":74}},"8":{"start":{"line":16,"column":8},"end":{"line":29,"column":9}},"9":{"start":{"line":17,"column":29},"end":{"line":17,"column":48}},"10":{"start":{"line":18,"column":12},"end":{"line":18,"column":72}},"11":{"start":{"line":19,"column":12},"end":{"line":19,"column":76}},"12":{"start":{"line":21,"column":12},"end":{"line":27,"column":15}},"13":{"start":{"line":28,"column":12},"end":{"line":28,"column":24}},"14":{"start":{"line":32,"column":34},"end":{"line":32,"column":84}},"15":{"start":{"line":34,"column":8},"end":{"line":65,"column":9}},"16":{"start":{"line":35,"column":35},"end":{"line":35,"column":98}},"17":{"start":{"line":36,"column":29},"end":{"line":36,"column":120}},"18":{"start":{"line":38,"column":12},"end":{"line":45,"column":13}},"19":{"start":{"line":39,"column":16},"end":{"line":41,"column":19}},"20":{"start":{"line":40,"column":20},"end":{"line":40,"column":91}},"21":{"start":{"line":42,"column":16},"end":{"line":42,"column":69}},"22":{"start":{"line":43,"column":16},"end":{"line":43,"column":67}},"23":{"start":{"line":44,"column":16},"end":{"line":44,"column":28}},"24":{"start":{"line":47,"column":12},"end":{"line":64,"column":13}},"25":{"start":{"line":48,"column":16},"end":{"line":53,"column":19}},"26":{"start":{"line":55,"column":16},"end":{"line":59,"column":17}},"27":{"start":{"line":56,"column":20},"end":{"line":56,"column":73}},"28":{"start":{"line":57,"column":20},"end":{"line":57,"column":113}},"29":{"start":{"line":58,"column":20},"end":{"line":58,"column":32}},"30":{"start":{"line":61,"column":16},"end":{"line":61,"column":69}},"31":{"start":{"line":63,"column":16},"end":{"line":63,"column":29}},"32":{"start":{"line":68,"column":8},"end":{"line":71,"column":9}},"33":{"start":{"line":69,"column":12},"end":{"line":69,"column":111}},"34":{"start":{"line":70,"column":12},"end":{"line":70,"column":24}},"35":{"start":{"line":73,"column":8},"end":{"line":73,"column":21}},"36":{"start":{"line":77,"column":0},"end":{"line":77,"column":39}}},"fnMap":{"0":{"name":"(anonymous_0)","decl":{"start":{"line":11,"column":4},"end":{"line":11,"column":5}},"loc":{"start":{"line":11,"column":32},"end":{"line":74,"column":5}},"line":11},"1":{"name":"(anonymous_1)","decl":{"start":{"line":39,"column":71},"end":{"line":39,"column":72}},"loc":{"start":{"line":40,"column":20},"end":{"line":40,"column":91}},"line":40}},"branchMap":{"0":{"loc":{"start":{"line":16,"column":8},"end":{"line":29,"column":9}},"type":"if","locations":[{"start":{"line":16,"column":8},"end":{"line":29,"column":9}},{"start":{},"end":{}}],"line":16},"1":{"loc":{"start":{"line":16,"column":12},"end":{"line":16,"column":49}},"type":"binary-expr","locations":[{"start":{"line":16,"column":12},"end":{"line":16,"column":28}},{"start":{"line":16,"column":32},"end":{"line":16,"column":49}}],"line":16},"2":{"loc":{"start":{"line":34,"column":8},"end":{"line":65,"column":9}},"type":"if","locations":[{"start":{"line":34,"column":8},"end":{"line":65,"column":9}},{"start":{},"end":{}}],"line":34},"3":{"loc":{"start":{"line":34,"column":12},"end":{"line":34,"column":64}},"type":"binary-expr","locations":[{"start":{"line":34,"column":12},"end":{"line":34,"column":29}},{"start":{"line":34,"column":33},"end":{"line":34,"column":64}}],"line":34},"4":{"loc":{"start":{"line":36,"column":29},"end":{"line":36,"column":120}},"type":"binary-expr","locations":[{"start":{"line":36,"column":29},"end":{"line":36,"column":91}},{"start":{"line":36,"column":95},"end":{"line":36,"column":120}}],"line":36},"5":{"loc":{"start":{"line":38,"column":12},"end":{"line":45,"column":13}},"type":"if","locations":[{"start":{"line":38,"column":12},"end":{"line":45,"column":13}},{"start":{},"end":{}}],"line":38},"6":{"loc":{"start":{"line":47,"column":12},"end":{"line":64,"column":13}},"type":"if","locations":[{"start":{"line":47,"column":12},"end":{"line":64,"column":13}},{"start":{},"end":{}}],"line":47},"7":{"loc":{"start":{"line":55,"column":16},"end":{"line":59,"column":17}},"type":"if","locations":[{"start":{"line":55,"column":16},"end":{"line":59,"column":17}},{"start":{},"end":{}}],"line":55},"8":{"loc":{"start":{"line":68,"column":8},"end":{"line":71,"column":9}},"type":"if","locations":[{"start":{"line":68,"column":8},"end":{"line":71,"column":9}},{"start":{},"end":{}}],"line":68},"9":{"loc":{"start":{"line":68,"column":12},"end":{"line":68,"column":55}},"type":"binary-expr","locations":[{"start":{"line":68,"column":12},"end":{"line":68,"column":29}},{"start":{"line":68,"column":33},"end":{"line":68,"column":55}}],"line":68}},"s":{"0":2,"1":2,"2":2,"3":2,"4":2,"5":2,"6":6,"7":6,"8":6,"9":1,"10":1,"11":1,"12":1,"13":1,"14":5,"15":5,"16":2,"17":2,"18":2,"19":1,"20":2,"21":1,"22":1,"23":1,"24":1,"25":1,"26":1,"27":1,"28":1,"29":1,"30":0,"31":0,"32":3,"33":0,"34":0,"35":3,"36":2},"f":{"0":6,"1":2},"b":{"0":[1,5],"1":[6,1],"2":[2,3],"3":[5,2],"4":[2,1],"5":[1,1],"6":[1,0],"7":[1,0],"8":[0,3],"9":[3,3]},"_coverageSchema":"1a1c01bbd47fc00a2c39e90264f33305004495a9","hash":"0893a388745a928557e008d2d1446571608519b1"}
,"C:\\Users\\luiza\\OneDrive\\Documentos\\Antigravity\\FerramentaFinanceiraTeste\\src\\handlers\\MediaHandler.js": {"path":"C:\\Users\\luiza\\OneDrive\\Documentos\\Antigravity\\FerramentaFinanceiraTeste\\src\\handlers\\MediaHandler.js","statementMap":{"0":{"start":{"line":1,"column":15},"end":{"line":1,"column":51}},"1":{"start":{"line":2,"column":21},"end":{"line":2,"column":56}},"2":{"start":{"line":7,"column":21},"end":{"line":7,"column":45}},"3":{"start":{"line":8,"column":4},"end":{"line":8,"column":34}},"4":{"start":{"line":12,"column":4},"end":{"line":22,"column":5}},"5":{"start":{"line":13,"column":22},"end":{"line":13,"column":51}},"6":{"start":{"line":14,"column":8},"end":{"line":17,"column":9}},"7":{"start":{"line":15,"column":12},"end":{"line":15,"column":99}},"8":{"start":{"line":16,"column":12},"end":{"line":16,"column":24}},"9":{"start":{"line":18,"column":8},"end":{"line":18,"column":21}},"10":{"start":{"line":20,"column":8},"end":{"line":20,"column":67}},"11":{"start":{"line":21,"column":8},"end":{"line":21,"column":20}},"12":{"start":{"line":27,"column":4},"end":{"line":27,"column":67}},"13":{"start":{"line":31,"column":4},"end":{"line":31,"column":61}},"14":{"start":{"line":35,"column":4},"end":{"line":35,"column":61}},"15":{"start":{"line":39,"column":4},"end":{"line":42,"column":37}},"16":{"start":{"line":47,"column":17},"end":{"line":47,"column":31}},"17":{"start":{"line":48,"column":21},"end":{"line":48,"column":64}},"18":{"start":{"line":49,"column":24},"end":{"line":49,"column":36}},"19":{"start":{"line":52,"column":4},"end":{"line":52,"column":56}},"20":{"start":{"line":52,"column":33},"end":{"line":52,"column":56}},"21":{"start":{"line":53,"column":4},"end":{"line":53,"column":81}},"22":{"start":{"line":53,"column":58},"end":{"line":53,"column":81}},"23":{"start":{"line":56,"column":4},"end":{"line":61,"column":5}},"24":{"start":{"line":57,"column":8},"end":{"line":57,"column":57}},"25":{"start":{"line":57,"column":36},"end":{"line":57,"column":57}},"26":{"start":{"line":58,"column":8},"end":{"line":58,"column":57}},"27":{"start":{"line":58,"column":36},"end":{"line":58,"column":57}},"28":{"start":{"line":59,"column":8},"end":{"line":59,"column":57}},"29":{"start":{"line":59,"column":36},"end":{"line":59,"column":57}},"30":{"start":{"line":60,"column":8},"end":{"line":60,"column":60}},"31":{"start":{"line":60,"column":38},"end":{"line":60,"column":60}},"32":{"start":{"line":63,"column":4},"end":{"line":63,"column":16}},"33":{"start":{"line":69,"column":8},"end":{"line":69,"column":71}},"34":{"start":{"line":69,"column":58},"end":{"line":69,"column":71}},"35":{"start":{"line":72,"column":8},"end":{"line":76,"column":9}},"36":{"start":{"line":73,"column":12},"end":{"line":73,"column":94}},"37":{"start":{"line":74,"column":12},"end":{"line":74,"column":104}},"38":{"start":{"line":75,"column":12},"end":{"line":75,"column":24}},"39":{"start":{"line":79,"column":22},"end":{"line":79,"column":64}},"40":{"start":{"line":80,"column":8},"end":{"line":83,"column":9}},"41":{"start":{"line":81,"column":12},"end":{"line":81,"column":83}},"42":{"start":{"line":82,"column":12},"end":{"line":82,"column":24}},"43":{"start":{"line":85,"column":27},"end":{"line":85,"column":37}},"44":{"start":{"line":86,"column":21},"end":{"line":86,"column":35}},"45":{"start":{"line":87,"column":25},"end":{"line":87,"column":68}},"46":{"start":{"line":90,"column":24},"end":{"line":90,"column":57}},"47":{"start":{"line":92,"column":8},"end":{"line":104,"column":9}},"48":{"start":{"line":93,"column":12},"end":{"line":93,"column":102}},"49":{"start":{"line":94,"column":12},"end":{"line":94,"column":83}},"50":{"start":{"line":95,"column":12},"end":{"line":102,"column":15}},"51":{"start":{"line":103,"column":12},"end":{"line":103,"column":24}},"52":{"start":{"line":106,"column":8},"end":{"line":106,"column":21}},"53":{"start":{"line":110,"column":0},"end":{"line":121,"column":2}}},"fnMap":{"0":{"name":"_isValidSize","decl":{"start":{"line":6,"column":9},"end":{"line":6,"column":21}},"loc":{"start":{"line":6,"column":62},"end":{"line":9,"column":1}},"line":6},"1":{"name":"_downloadMediaSafe","decl":{"start":{"line":11,"column":15},"end":{"line":11,"column":33}},"loc":{"start":{"line":11,"column":51},"end":{"line":23,"column":1}},"line":11},"2":{"name":"_isPDF","decl":{"start":{"line":26,"column":9},"end":{"line":26,"column":15}},"loc":{"start":{"line":26,"column":32},"end":{"line":28,"column":1}},"line":26},"3":{"name":"_isOFX","decl":{"start":{"line":30,"column":9},"end":{"line":30,"column":15}},"loc":{"start":{"line":30,"column":32},"end":{"line":32,"column":1}},"line":30},"4":{"name":"_isCSV","decl":{"start":{"line":34,"column":9},"end":{"line":34,"column":15}},"loc":{"start":{"line":34,"column":32},"end":{"line":36,"column":1}},"line":34},"5":{"name":"_isExcel","decl":{"start":{"line":38,"column":9},"end":{"line":38,"column":17}},"loc":{"start":{"line":38,"column":34},"end":{"line":43,"column":1}},"line":38},"6":{"name":"_determineJobType","decl":{"start":{"line":46,"column":9},"end":{"line":46,"column":26}},"loc":{"start":{"line":46,"column":43},"end":{"line":64,"column":1}},"line":46},"7":{"name":"(anonymous_7)","decl":{"start":{"line":67,"column":4},"end":{"line":67,"column":5}},"loc":{"start":{"line":67,"column":32},"end":{"line":107,"column":5}},"line":67}},"branchMap":{"0":{"loc":{"start":{"line":6,"column":31},"end":{"line":6,"column":60}},"type":"default-arg","locations":[{"start":{"line":6,"column":44},"end":{"line":6,"column":60}}],"line":6},"1":{"loc":{"start":{"line":7,"column":21},"end":{"line":7,"column":45}},"type":"binary-expr","locations":[{"start":{"line":7,"column":21},"end":{"line":7,"column":40}},{"start":{"line":7,"column":44},"end":{"line":7,"column":45}}],"line":7},"2":{"loc":{"start":{"line":14,"column":8},"end":{"line":17,"column":9}},"type":"if","locations":[{"start":{"line":14,"column":8},"end":{"line":17,"column":9}},{"start":{},"end":{}}],"line":14},"3":{"loc":{"start":{"line":27,"column":11},"end":{"line":27,"column":66}},"type":"binary-expr","locations":[{"start":{"line":27,"column":11},"end":{"line":27,"column":37}},{"start":{"line":27,"column":41},"end":{"line":27,"column":66}}],"line":27},"4":{"loc":{"start":{"line":31,"column":11},"end":{"line":31,"column":60}},"type":"binary-expr","locations":[{"start":{"line":31,"column":11},"end":{"line":31,"column":36}},{"start":{"line":31,"column":40},"end":{"line":31,"column":60}}],"line":31},"5":{"loc":{"start":{"line":35,"column":11},"end":{"line":35,"column":60}},"type":"binary-expr","locations":[{"start":{"line":35,"column":11},"end":{"line":35,"column":36}},{"start":{"line":35,"column":40},"end":{"line":35,"column":60}}],"line":35},"6":{"loc":{"start":{"line":39,"column":11},"end":{"line":42,"column":36}},"type":"binary-expr","locations":[{"start":{"line":39,"column":11},"end":{"line":39,"column":37}},{"start":{"line":40,"column":8},"end":{"line":40,"column":33}},{"start":{"line":41,"column":8},"end":{"line":41,"column":30}},{"start":{"line":42,"column":8},"end":{"line":42,"column":36}}],"line":39},"7":{"loc":{"start":{"line":48,"column":21},"end":{"line":48,"column":64}},"type":"binary-expr","locations":[{"start":{"line":48,"column":21},"end":{"line":48,"column":35}},{"start":{"line":48,"column":39},"end":{"line":48,"column":51}},{"start":{"line":48,"column":55},"end":{"line":48,"column":64}}],"line":48},"8":{"loc":{"start":{"line":52,"column":4},"end":{"line":52,"column":56}},"type":"if","locations":[{"start":{"line":52,"column":4},"end":{"line":52,"column":56}},{"start":{},"end":{}}],"line":52},"9":{"loc":{"start":{"line":53,"column":4},"end":{"line":53,"column":81}},"type":"if","locations":[{"start":{"line":53,"column":4},"end":{"line":53,"column":81}},{"start":{},"end":{}}],"line":53},"10":{"loc":{"start":{"line":53,"column":8},"end":{"line":53,"column":56}},"type":"binary-expr","locations":[{"start":{"line":53,"column":8},"end":{"line":53,"column":29}},{"start":{"line":53,"column":33},"end":{"line":53,"column":56}}],"line":53},"11":{"loc":{"start":{"line":56,"column":4},"end":{"line":61,"column":5}},"type":"if","locations":[{"start":{"line":56,"column":4},"end":{"line":61,"column":5}},{"start":{},"end":{}}],"line":56},"12":{"loc":{"start":{"line":57,"column":8},"end":{"line":57,"column":57}},"type":"if","locations":[{"start":{"line":57,"column":8},"end":{"line":57,"column":57}},{"start":{},"end":{}}],"line":57},"13":{"loc":{"start":{"line":58,"column":8},"end":{"line":58,"column":57}},"type":"if","locations":[{"start":{"line":58,"column":8},"end":{"line":58,"column":57}},{"start":{},"end":{}}],"line":58},"14":{"loc":{"start":{"line":59,"column":8},"end":{"line":59,"column":57}},"type":"if","locations":[{"start":{"line":59,"column":8},"end":{"line":59,"column":57}},{"start":{},"end":{}}],"line":59},"15":{"loc":{"start":{"line":60,"column":8},"end":{"line":60,"column":60}},"type":"if","locations":[{"start":{"line":60,"column":8},"end":{"line":60,"column":60}},{"start":{},"end":{}}],"line":60},"16":{"loc":{"start":{"line":69,"column":8},"end":{"line":69,"column":71}},"type":"if","locations":[{"start":{"line":69,"column":8},"end":{"line":69,"column":71}},{"start":{},"end":{}}],"line":69},"17":{"loc":{"start":{"line":69,"column":12},"end":{"line":69,"column":56}},"type":"binary-expr","locations":[{"start":{"line":69,"column":12},"end":{"line":69,"column":29}},{"start":{"line":69,"column":33},"end":{"line":69,"column":56}}],"line":69},"18":{"loc":{"start":{"line":72,"column":8},"end":{"line":76,"column":9}},"type":"if","locations":[{"start":{"line":72,"column":8},"end":{"line":76,"column":9}},{"start":{},"end":{}}],"line":72},"19":{"loc":{"start":{"line":80,"column":8},"end":{"line":83,"column":9}},"type":"if","locations":[{"start":{"line":80,"column":8},"end":{"line":83,"column":9}},{"start":{},"end":{}}],"line":80},"20":{"loc":{"start":{"line":87,"column":25},"end":{"line":87,"column":68}},"type":"binary-expr","locations":[{"start":{"line":87,"column":25},"end":{"line":87,"column":39}},{"start":{"line":87,"column":43},"end":{"line":87,"column":55}},{"start":{"line":87,"column":59},"end":{"line":87,"column":68}}],"line":87},"21":{"loc":{"start":{"line":92,"column":8},"end":{"line":104,"column":9}},"type":"if","locations":[{"start":{"line":92,"column":8},"end":{"line":104,"column":9}},{"start":{},"end":{}}],"line":92}},"s":{"0":5,"1":5,"2":19,"3":19,"4":14,"5":14,"6":10,"7":2,"8":1,"9":8,"10":5,"11":5,"12":18,"13":15,"14":12,"15":11,"16":23,"17":23,"18":23,"19":23,"20":2,"21":21,"22":5,"23":16,"24":15,"25":3,"26":12,"27":3,"28":9,"29":3,"30":6,"31":3,"32":4,"33":13,"34":2,"35":11,"36":0,"37":0,"38":0,"39":11,"40":11,"41":4,"42":4,"43":7,"44":7,"45":7,"46":7,"47":7,"48":6,"49":6,"50":6,"51":6,"52":1,"53":5},"f":{"0":19,"1":14,"2":18,"3":15,"4":12,"5":11,"6":23,"7":13},"b":{"0":[17],"1":[19,3],"2":[2,8],"3":[18,14],"4":[15,11],"5":[12,8],"6":[11,7,6,5],"7":[23,2,2],"8":[2,21],"9":[5,16],"10":[21,18],"11":[15,1],"12":[3,12],"13":[3,9],"14":[3,6],"15":[3,3],"16":[2,11],"17":[13,11],"18":[0,11],"19":[4,7],"20":[7,0,0],"21":[6,1]},"_coverageSchema":"1a1c01bbd47fc00a2c39e90264f33305004495a9","hash":"9906ba7bbd24ffcc903ef6fe31f65045c7dd9a7d"}
,"C:\\Users\\luiza\\OneDrive\\Documentos\\Antigravity\\FerramentaFinanceiraTeste\\src\\handlers\\messageHandler.js": {"path":"C:\\Users\\luiza\\OneDrive\\Documentos\\Antigravity\\FerramentaFinanceiraTeste\\src\\handlers\\messageHandler.js","statementMap":{"0":{"start":{"line":1,"column":17},"end":{"line":1,"column":58}},"1":{"start":{"line":2,"column":26},"end":{"line":2,"column":65}},"2":{"start":{"line":3,"column":23},"end":{"line":3,"column":60}},"3":{"start":{"line":4,"column":15},"end":{"line":4,"column":51}},"4":{"start":{"line":7,"column":26},"end":{"line":7,"column":56}},"5":{"start":{"line":8,"column":21},"end":{"line":8,"column":46}},"6":{"start":{"line":9,"column":24},"end":{"line":9,"column":52}},"7":{"start":{"line":10,"column":30},"end":{"line":10,"column":64}},"8":{"start":{"line":15,"column":23},"end":{"line":15,"column":54}},"9":{"start":{"line":16,"column":15},"end":{"line":16,"column":53}},"10":{"start":{"line":18,"column":4},"end":{"line":22,"column":5}},"11":{"start":{"line":19,"column":8},"end":{"line":19,"column":57}},"12":{"start":{"line":20,"column":8},"end":{"line":20,"column":187}},"13":{"start":{"line":21,"column":8},"end":{"line":21,"column":20}},"14":{"start":{"line":25,"column":21},"end":{"line":25,"column":66}},"15":{"start":{"line":26,"column":4},"end":{"line":28,"column":5}},"16":{"start":{"line":27,"column":8},"end":{"line":27,"column":53}},"17":{"start":{"line":30,"column":4},"end":{"line":30,"column":16}},"18":{"start":{"line":34,"column":4},"end":{"line":41,"column":5}},"19":{"start":{"line":35,"column":8},"end":{"line":40,"column":9}},"20":{"start":{"line":36,"column":30},"end":{"line":36,"column":69}},"21":{"start":{"line":37,"column":29},"end":{"line":37,"column":354}},"22":{"start":{"line":38,"column":12},"end":{"line":38,"column":69}},"23":{"start":{"line":39,"column":12},"end":{"line":39,"column":24}},"24":{"start":{"line":42,"column":4},"end":{"line":42,"column":17}},"25":{"start":{"line":48,"column":4},"end":{"line":105,"column":5}},"26":{"start":{"line":49,"column":8},"end":{"line":49,"column":56}},"27":{"start":{"line":49,"column":49},"end":{"line":49,"column":56}},"28":{"start":{"line":51,"column":8},"end":{"line":56,"column":11}},"29":{"start":{"line":59,"column":21},"end":{"line":59,"column":53}},"30":{"start":{"line":60,"column":8},"end":{"line":60,"column":26}},"31":{"start":{"line":60,"column":19},"end":{"line":60,"column":26}},"32":{"start":{"line":63,"column":26},"end":{"line":63,"column":66}},"33":{"start":{"line":66,"column":26},"end":{"line":66,"column":73}},"34":{"start":{"line":67,"column":8},"end":{"line":69,"column":9}},"35":{"start":{"line":68,"column":12},"end":{"line":68,"column":19}},"36":{"start":{"line":73,"column":8},"end":{"line":75,"column":9}},"37":{"start":{"line":78,"column":32},"end":{"line":78,"column":75}},"38":{"start":{"line":79,"column":8},"end":{"line":79,"column":36}},"39":{"start":{"line":79,"column":29},"end":{"line":79,"column":36}},"40":{"start":{"line":82,"column":33},"end":{"line":82,"column":76}},"41":{"start":{"line":83,"column":8},"end":{"line":83,"column":37}},"42":{"start":{"line":83,"column":30},"end":{"line":83,"column":37}},"43":{"start":{"line":86,"column":29},"end":{"line":86,"column":82}},"44":{"start":{"line":87,"column":8},"end":{"line":87,"column":33}},"45":{"start":{"line":87,"column":26},"end":{"line":87,"column":33}},"46":{"start":{"line":90,"column":8},"end":{"line":90,"column":93}},"47":{"start":{"line":93,"column":8},"end":{"line":93,"column":77}},"48":{"start":{"line":95,"column":8},"end":{"line":104,"column":9}},"49":{"start":{"line":96,"column":12},"end":{"line":103,"column":13}},"50":{"start":{"line":97,"column":16},"end":{"line":100,"column":18}},"51":{"start":{"line":102,"column":16},"end":{"line":102,"column":83}},"52":{"start":{"line":108,"column":0},"end":{"line":113,"column":2}}},"fnMap":{"0":{"name":"_authenticateUser","decl":{"start":{"line":14,"column":15},"end":{"line":14,"column":32}},"loc":{"start":{"line":14,"column":42},"end":{"line":31,"column":1}},"line":14},"1":{"name":"_handleLegacyHandshake","decl":{"start":{"line":33,"column":15},"end":{"line":33,"column":37}},"loc":{"start":{"line":33,"column":53},"end":{"line":43,"column":1}},"line":33},"2":{"name":"handleMessage","decl":{"start":{"line":47,"column":15},"end":{"line":47,"column":28}},"loc":{"start":{"line":47,"column":38},"end":{"line":106,"column":1}},"line":47}},"branchMap":{"0":{"loc":{"start":{"line":18,"column":4},"end":{"line":22,"column":5}},"type":"if","locations":[{"start":{"line":18,"column":4},"end":{"line":22,"column":5}},{"start":{},"end":{}}],"line":18},"1":{"loc":{"start":{"line":25,"column":21},"end":{"line":25,"column":66}},"type":"binary-expr","locations":[{"start":{"line":25,"column":21},"end":{"line":25,"column":46}},{"start":{"line":25,"column":50},"end":{"line":25,"column":66}}],"line":25},"2":{"loc":{"start":{"line":26,"column":4},"end":{"line":28,"column":5}},"type":"if","locations":[{"start":{"line":26,"column":4},"end":{"line":28,"column":5}},{"start":{},"end":{}}],"line":26},"3":{"loc":{"start":{"line":26,"column":8},"end":{"line":26,"column":30}},"type":"binary-expr","locations":[{"start":{"line":26,"column":8},"end":{"line":26,"column":16}},{"start":{"line":26,"column":20},"end":{"line":26,"column":30}}],"line":26},"4":{"loc":{"start":{"line":34,"column":4},"end":{"line":41,"column":5}},"type":"if","locations":[{"start":{"line":34,"column":4},"end":{"line":41,"column":5}},{"start":{},"end":{}}],"line":34},"5":{"loc":{"start":{"line":35,"column":8},"end":{"line":40,"column":9}},"type":"if","locations":[{"start":{"line":35,"column":8},"end":{"line":40,"column":9}},{"start":{},"end":{}}],"line":35},"6":{"loc":{"start":{"line":35,"column":12},"end":{"line":35,"column":52}},"type":"binary-expr","locations":[{"start":{"line":35,"column":12},"end":{"line":35,"column":29}},{"start":{"line":35,"column":33},"end":{"line":35,"column":52}}],"line":35},"7":{"loc":{"start":{"line":37,"column":35},"end":{"line":37,"column":61}},"type":"binary-expr","locations":[{"start":{"line":37,"column":35},"end":{"line":37,"column":48}},{"start":{"line":37,"column":52},"end":{"line":37,"column":61}}],"line":37},"8":{"loc":{"start":{"line":49,"column":8},"end":{"line":49,"column":56}},"type":"if","locations":[{"start":{"line":49,"column":8},"end":{"line":49,"column":56}},{"start":{},"end":{}}],"line":49},"9":{"loc":{"start":{"line":60,"column":8},"end":{"line":60,"column":26}},"type":"if","locations":[{"start":{"line":60,"column":8},"end":{"line":60,"column":26}},{"start":{},"end":{}}],"line":60},"10":{"loc":{"start":{"line":67,"column":8},"end":{"line":69,"column":9}},"type":"if","locations":[{"start":{"line":67,"column":8},"end":{"line":69,"column":9}},{"start":{},"end":{}}],"line":67},"11":{"loc":{"start":{"line":73,"column":8},"end":{"line":75,"column":9}},"type":"if","locations":[{"start":{"line":73,"column":8},"end":{"line":75,"column":9}},{"start":{},"end":{}}],"line":73},"12":{"loc":{"start":{"line":79,"column":8},"end":{"line":79,"column":36}},"type":"if","locations":[{"start":{"line":79,"column":8},"end":{"line":79,"column":36}},{"start":{},"end":{}}],"line":79},"13":{"loc":{"start":{"line":83,"column":8},"end":{"line":83,"column":37}},"type":"if","locations":[{"start":{"line":83,"column":8},"end":{"line":83,"column":37}},{"start":{},"end":{}}],"line":83},"14":{"loc":{"start":{"line":87,"column":8},"end":{"line":87,"column":33}},"type":"if","locations":[{"start":{"line":87,"column":8},"end":{"line":87,"column":33}},{"start":{},"end":{}}],"line":87},"15":{"loc":{"start":{"line":95,"column":8},"end":{"line":104,"column":9}},"type":"if","locations":[{"start":{"line":95,"column":8},"end":{"line":104,"column":9}},{"start":{},"end":{}}],"line":95},"16":{"loc":{"start":{"line":95,"column":12},"end":{"line":95,"column":35}},"type":"binary-expr","locations":[{"start":{"line":95,"column":12},"end":{"line":95,"column":19}},{"start":{"line":95,"column":23},"end":{"line":95,"column":35}}],"line":95}},"s":{"0":2,"1":2,"2":2,"3":2,"4":2,"5":2,"6":2,"7":2,"8":7,"9":7,"10":6,"11":2,"12":2,"13":1,"14":4,"15":4,"16":1,"17":4,"18":5,"19":2,"20":1,"21":1,"22":1,"23":1,"24":4,"25":4,"26":4,"27":0,"28":4,"29":4,"30":2,"31":0,"32":2,"33":2,"34":2,"35":0,"36":2,"37":2,"38":2,"39":0,"40":2,"41":2,"42":0,"43":2,"44":2,"45":1,"46":1,"47":2,"48":2,"49":2,"50":2,"51":2,"52":2},"f":{"0":7,"1":5,"2":4},"b":{"0":[2,4],"1":[4,4],"2":[1,3],"3":[4,1],"4":[2,3],"5":[1,1],"6":[2,1],"7":[1,0],"8":[0,4],"9":[0,2],"10":[0,2],"11":[0,2],"12":[0,2],"13":[0,2],"14":[1,1],"15":[2,0],"16":[2,2]},"_coverageSchema":"1a1c01bbd47fc00a2c39e90264f33305004495a9","hash":"b3d19051ba013e9726d4a2f1297727abd5ec9563"}
,"C:\\Users\\luiza\\OneDrive\\Documentos\\Antigravity\\FerramentaFinanceiraTeste\\src\\repositories\\TransactionRepository.js": {"path":"C:\\Users\\luiza\\OneDrive\\Documentos\\Antigravity\\FerramentaFinanceiraTeste\\src\\repositories\\TransactionRepository.js","statementMap":{"0":{"start":{"line":2,"column":15},"end":{"line":2,"column":51}},"1":{"start":{"line":6,"column":8},"end":{"line":15,"column":9}},"2":{"start":{"line":10,"column":33},"end":{"line":10,"column":70}},"3":{"start":{"line":11,"column":12},"end":{"line":11,"column":37}},"4":{"start":{"line":12,"column":12},"end":{"line":12,"column":110}},"5":{"start":{"line":14,"column":12},"end":{"line":14,"column":43}},"6":{"start":{"line":19,"column":32},"end":{"line":23,"column":21}},"7":{"start":{"line":25,"column":8},"end":{"line":28,"column":9}},"8":{"start":{"line":26,"column":12},"end":{"line":26,"column":85}},"9":{"start":{"line":27,"column":12},"end":{"line":27,"column":24}},"10":{"start":{"line":29,"column":8},"end":{"line":29,"column":20}},"11":{"start":{"line":33,"column":8},"end":{"line":33,"column":74}},"12":{"start":{"line":33,"column":64},"end":{"line":33,"column":74}},"13":{"start":{"line":35,"column":32},"end":{"line":38,"column":21}},"14":{"start":{"line":40,"column":8},"end":{"line":43,"column":9}},"15":{"start":{"line":41,"column":12},"end":{"line":41,"column":66}},"16":{"start":{"line":42,"column":12},"end":{"line":42,"column":24}},"17":{"start":{"line":44,"column":8},"end":{"line":44,"column":26}},"18":{"start":{"line":48,"column":32},"end":{"line":54,"column":48}},"19":{"start":{"line":56,"column":8},"end":{"line":59,"column":9}},"20":{"start":{"line":57,"column":12},"end":{"line":57,"column":65}},"21":{"start":{"line":58,"column":12},"end":{"line":58,"column":22}},"22":{"start":{"line":60,"column":8},"end":{"line":60,"column":26}},"23":{"start":{"line":64,"column":32},"end":{"line":69,"column":35}},"24":{"start":{"line":71,"column":8},"end":{"line":74,"column":9}},"25":{"start":{"line":72,"column":12},"end":{"line":72,"column":62}},"26":{"start":{"line":73,"column":12},"end":{"line":73,"column":22}},"27":{"start":{"line":75,"column":8},"end":{"line":75,"column":26}},"28":{"start":{"line":79,"column":32},"end":{"line":83,"column":10}},"29":{"start":{"line":85,"column":8},"end":{"line":88,"column":9}},"30":{"start":{"line":86,"column":12},"end":{"line":86,"column":62}},"31":{"start":{"line":87,"column":12},"end":{"line":87,"column":22}},"32":{"start":{"line":89,"column":8},"end":{"line":89,"column":26}},"33":{"start":{"line":94,"column":8},"end":{"line":94,"column":49}},"34":{"start":{"line":98,"column":0},"end":{"line":98,"column":39}}},"fnMap":{"0":{"name":"(anonymous_0)","decl":{"start":{"line":5,"column":4},"end":{"line":5,"column":5}},"loc":{"start":{"line":5,"column":32},"end":{"line":16,"column":5}},"line":5},"1":{"name":"(anonymous_1)","decl":{"start":{"line":18,"column":4},"end":{"line":18,"column":5}},"loc":{"start":{"line":18,"column":34},"end":{"line":30,"column":5}},"line":18},"2":{"name":"(anonymous_2)","decl":{"start":{"line":32,"column":4},"end":{"line":32,"column":5}},"loc":{"start":{"line":32,"column":39},"end":{"line":45,"column":5}},"line":32},"3":{"name":"(anonymous_3)","decl":{"start":{"line":47,"column":4},"end":{"line":47,"column":5}},"loc":{"start":{"line":47,"column":61},"end":{"line":61,"column":5}},"line":47},"4":{"name":"(anonymous_4)","decl":{"start":{"line":63,"column":4},"end":{"line":63,"column":5}},"loc":{"start":{"line":63,"column":47},"end":{"line":76,"column":5}},"line":63},"5":{"name":"(anonymous_5)","decl":{"start":{"line":78,"column":4},"end":{"line":78,"column":5}},"loc":{"start":{"line":78,"column":35},"end":{"line":90,"column":5}},"line":78},"6":{"name":"(anonymous_6)","decl":{"start":{"line":93,"column":4},"end":{"line":93,"column":5}},"loc":{"start":{"line":93,"column":30},"end":{"line":95,"column":5}},"line":93}},"branchMap":{"0":{"loc":{"start":{"line":6,"column":8},"end":{"line":15,"column":9}},"type":"if","locations":[{"start":{"line":6,"column":8},"end":{"line":15,"column":9}},{"start":{"line":13,"column":15},"end":{"line":15,"column":9}}],"line":6},"1":{"loc":{"start":{"line":25,"column":8},"end":{"line":28,"column":9}},"type":"if","locations":[{"start":{"line":25,"column":8},"end":{"line":28,"column":9}},{"start":{},"end":{}}],"line":25},"2":{"loc":{"start":{"line":33,"column":8},"end":{"line":33,"column":74}},"type":"if","locations":[{"start":{"line":33,"column":8},"end":{"line":33,"column":74}},{"start":{},"end":{}}],"line":33},"3":{"loc":{"start":{"line":33,"column":12},"end":{"line":33,"column":62}},"type":"binary-expr","locations":[{"start":{"line":33,"column":12},"end":{"line":33,"column":29}},{"start":{"line":33,"column":33},"end":{"line":33,"column":62}}],"line":33},"4":{"loc":{"start":{"line":40,"column":8},"end":{"line":43,"column":9}},"type":"if","locations":[{"start":{"line":40,"column":8},"end":{"line":43,"column":9}},{"start":{},"end":{}}],"line":40},"5":{"loc":{"start":{"line":44,"column":15},"end":{"line":44,"column":25}},"type":"binary-expr","locations":[{"start":{"line":44,"column":15},"end":{"line":44,"column":19}},{"start":{"line":44,"column":23},"end":{"line":44,"column":25}}],"line":44},"6":{"loc":{"start":{"line":56,"column":8},"end":{"line":59,"column":9}},"type":"if","locations":[{"start":{"line":56,"column":8},"end":{"line":59,"column":9}},{"start":{},"end":{}}],"line":56},"7":{"loc":{"start":{"line":60,"column":15},"end":{"line":60,"column":25}},"type":"binary-expr","locations":[{"start":{"line":60,"column":15},"end":{"line":60,"column":19}},{"start":{"line":60,"column":23},"end":{"line":60,"column":25}}],"line":60},"8":{"loc":{"start":{"line":71,"column":8},"end":{"line":74,"column":9}},"type":"if","locations":[{"start":{"line":71,"column":8},"end":{"line":74,"column":9}},{"start":{},"end":{}}],"line":71},"9":{"loc":{"start":{"line":75,"column":15},"end":{"line":75,"column":25}},"type":"binary-expr","locations":[{"start":{"line":75,"column":15},"end":{"line":75,"column":19}},{"start":{"line":75,"column":23},"end":{"line":75,"column":25}}],"line":75},"10":{"loc":{"start":{"line":85,"column":8},"end":{"line":88,"column":9}},"type":"if","locations":[{"start":{"line":85,"column":8},"end":{"line":88,"column":9}},{"start":{},"end":{}}],"line":85},"11":{"loc":{"start":{"line":89,"column":15},"end":{"line":89,"column":25}},"type":"binary-expr","locations":[{"start":{"line":89,"column":15},"end":{"line":89,"column":19}},{"start":{"line":89,"column":23},"end":{"line":89,"column":25}}],"line":89}},"s":{"0":5,"1":8,"2":0,"3":0,"4":0,"5":8,"6":0,"7":0,"8":0,"9":0,"10":0,"11":1,"12":0,"13":1,"14":1,"15":1,"16":1,"17":0,"18":0,"19":0,"20":0,"21":0,"22":0,"23":0,"24":0,"25":0,"26":0,"27":0,"28":0,"29":0,"30":0,"31":0,"32":0,"33":0,"34":5},"f":{"0":8,"1":0,"2":1,"3":0,"4":0,"5":0,"6":0},"b":{"0":[0,8],"1":[0,0],"2":[0,1],"3":[1,1],"4":[1,0],"5":[0,0],"6":[0,0],"7":[0,0],"8":[0,0],"9":[0,0],"10":[0,0],"11":[0,0]},"_coverageSchema":"1a1c01bbd47fc00a2c39e90264f33305004495a9","hash":"4b07884e82291ff8ec3c15626112fdc72e6985d9"}
,"C:\\Users\\luiza\\OneDrive\\Documentos\\Antigravity\\FerramentaFinanceiraTeste\\src\\repositories\\UserRepository.js": {"path":"C:\\Users\\luiza\\OneDrive\\Documentos\\Antigravity\\FerramentaFinanceiraTeste\\src\\repositories\\UserRepository.js","statementMap":{"0":{"start":{"line":1,"column":38},"end":{"line":1,"column":75}},"1":{"start":{"line":2,"column":15},"end":{"line":2,"column":51}},"2":{"start":{"line":5,"column":17},"end":{"line":5,"column":44}},"3":{"start":{"line":10,"column":32},"end":{"line":14,"column":21}},"4":{"start":{"line":16,"column":8},"end":{"line":16,"column":71}},"5":{"start":{"line":18,"column":8},"end":{"line":21,"column":9}},"6":{"start":{"line":19,"column":12},"end":{"line":19,"column":62}},"7":{"start":{"line":20,"column":12},"end":{"line":20,"column":24}},"8":{"start":{"line":22,"column":8},"end":{"line":22,"column":28}},"9":{"start":{"line":27,"column":24},"end":{"line":27,"column":50}},"10":{"start":{"line":31,"column":32},"end":{"line":35,"column":21}},"11":{"start":{"line":37,"column":8},"end":{"line":40,"column":9}},"12":{"start":{"line":38,"column":12},"end":{"line":38,"column":64}},"13":{"start":{"line":39,"column":12},"end":{"line":39,"column":54}},"14":{"start":{"line":43,"column":8},"end":{"line":49,"column":9}},"15":{"start":{"line":44,"column":41},"end":{"line":47,"column":13}},"16":{"start":{"line":48,"column":12},"end":{"line":48,"column":82}},"17":{"start":{"line":48,"column":27},"end":{"line":48,"column":82}},"18":{"start":{"line":51,"column":8},"end":{"line":51,"column":20}},"19":{"start":{"line":55,"column":8},"end":{"line":55,"column":26}},"20":{"start":{"line":55,"column":19},"end":{"line":55,"column":26}},"21":{"start":{"line":58,"column":8},"end":{"line":74,"column":9}},"22":{"start":{"line":59,"column":41},"end":{"line":62,"column":13}},"23":{"start":{"line":64,"column":12},"end":{"line":71,"column":13}},"24":{"start":{"line":66,"column":16},"end":{"line":70,"column":17}},"25":{"start":{"line":67,"column":20},"end":{"line":67,"column":94}},"26":{"start":{"line":69,"column":20},"end":{"line":69,"column":94}},"27":{"start":{"line":73,"column":12},"end":{"line":73,"column":77}},"28":{"start":{"line":81,"column":32},"end":{"line":85,"column":21}},"29":{"start":{"line":87,"column":8},"end":{"line":90,"column":9}},"30":{"start":{"line":88,"column":12},"end":{"line":88,"column":65}},"31":{"start":{"line":89,"column":12},"end":{"line":89,"column":24}},"32":{"start":{"line":91,"column":8},"end":{"line":91,"column":44}},"33":{"start":{"line":95,"column":26},"end":{"line":98,"column":29}},"34":{"start":{"line":100,"column":8},"end":{"line":103,"column":9}},"35":{"start":{"line":101,"column":12},"end":{"line":101,"column":65}},"36":{"start":{"line":102,"column":12},"end":{"line":102,"column":25}},"37":{"start":{"line":104,"column":8},"end":{"line":104,"column":20}},"38":{"start":{"line":109,"column":35},"end":{"line":112,"column":34}},"39":{"start":{"line":114,"column":8},"end":{"line":118,"column":9}},"40":{"start":{"line":115,"column":12},"end":{"line":115,"column":88}},"41":{"start":{"line":121,"column":26},"end":{"line":124,"column":29}},"42":{"start":{"line":126,"column":8},"end":{"line":129,"column":9}},"43":{"start":{"line":127,"column":12},"end":{"line":127,"column":64}},"44":{"start":{"line":128,"column":12},"end":{"line":128,"column":56}},"45":{"start":{"line":130,"column":8},"end":{"line":130,"column":20}},"46":{"start":{"line":134,"column":0},"end":{"line":134,"column":38}}},"fnMap":{"0":{"name":"(anonymous_0)","decl":{"start":{"line":8,"column":4},"end":{"line":8,"column":5}},"loc":{"start":{"line":8,"column":29},"end":{"line":23,"column":5}},"line":8},"1":{"name":"(anonymous_1)","decl":{"start":{"line":25,"column":4},"end":{"line":25,"column":5}},"loc":{"start":{"line":25,"column":37},"end":{"line":52,"column":5}},"line":25},"2":{"name":"(anonymous_2)","decl":{"start":{"line":54,"column":4},"end":{"line":54,"column":5}},"loc":{"start":{"line":54,"column":35},"end":{"line":78,"column":5}},"line":54},"3":{"name":"(anonymous_3)","decl":{"start":{"line":80,"column":4},"end":{"line":80,"column":5}},"loc":{"start":{"line":80,"column":35},"end":{"line":92,"column":5}},"line":80},"4":{"name":"(anonymous_4)","decl":{"start":{"line":94,"column":4},"end":{"line":94,"column":5}},"loc":{"start":{"line":94,"column":41},"end":{"line":105,"column":5}},"line":94},"5":{"name":"(anonymous_5)","decl":{"start":{"line":107,"column":4},"end":{"line":107,"column":5}},"loc":{"start":{"line":107,"column":25},"end":{"line":131,"column":5}},"line":107}},"branchMap":{"0":{"loc":{"start":{"line":5,"column":17},"end":{"line":5,"column":44}},"type":"binary-expr","locations":[{"start":{"line":5,"column":17},"end":{"line":5,"column":28}},{"start":{"line":5,"column":32},"end":{"line":5,"column":44}}],"line":5},"1":{"loc":{"start":{"line":18,"column":8},"end":{"line":21,"column":9}},"type":"if","locations":[{"start":{"line":18,"column":8},"end":{"line":21,"column":9}},{"start":{},"end":{}}],"line":18},"2":{"loc":{"start":{"line":18,"column":12},"end":{"line":18,"column":46}},"type":"binary-expr","locations":[{"start":{"line":18,"column":12},"end":{"line":18,"column":17}},{"start":{"line":18,"column":21},"end":{"line":18,"column":46}}],"line":18},"3":{"loc":{"start":{"line":22,"column":15},"end":{"line":22,"column":27}},"type":"binary-expr","locations":[{"start":{"line":22,"column":15},"end":{"line":22,"column":19}},{"start":{"line":22,"column":23},"end":{"line":22,"column":27}}],"line":22},"4":{"loc":{"start":{"line":25,"column":24},"end":{"line":25,"column":35}},"type":"default-arg","locations":[{"start":{"line":25,"column":31},"end":{"line":25,"column":35}}],"line":25},"5":{"loc":{"start":{"line":37,"column":8},"end":{"line":40,"column":9}},"type":"if","locations":[{"start":{"line":37,"column":8},"end":{"line":40,"column":9}},{"start":{},"end":{}}],"line":37},"6":{"loc":{"start":{"line":43,"column":8},"end":{"line":49,"column":9}},"type":"if","locations":[{"start":{"line":43,"column":8},"end":{"line":49,"column":9}},{"start":{},"end":{}}],"line":43},"7":{"loc":{"start":{"line":43,"column":12},"end":{"line":43,"column":31}},"type":"binary-expr","locations":[{"start":{"line":43,"column":12},"end":{"line":43,"column":16}},{"start":{"line":43,"column":20},"end":{"line":43,"column":31}}],"line":43},"8":{"loc":{"start":{"line":48,"column":12},"end":{"line":48,"column":82}},"type":"if","locations":[{"start":{"line":48,"column":12},"end":{"line":48,"column":82}},{"start":{},"end":{}}],"line":48},"9":{"loc":{"start":{"line":55,"column":8},"end":{"line":55,"column":26}},"type":"if","locations":[{"start":{"line":55,"column":8},"end":{"line":55,"column":26}},{"start":{},"end":{}}],"line":55},"10":{"loc":{"start":{"line":58,"column":8},"end":{"line":74,"column":9}},"type":"if","locations":[{"start":{"line":58,"column":8},"end":{"line":74,"column":9}},{"start":{"line":72,"column":15},"end":{"line":74,"column":9}}],"line":58},"11":{"loc":{"start":{"line":64,"column":12},"end":{"line":71,"column":13}},"type":"if","locations":[{"start":{"line":64,"column":12},"end":{"line":71,"column":13}},{"start":{},"end":{}}],"line":64},"12":{"loc":{"start":{"line":66,"column":16},"end":{"line":70,"column":17}},"type":"if","locations":[{"start":{"line":66,"column":16},"end":{"line":70,"column":17}},{"start":{"line":68,"column":23},"end":{"line":70,"column":17}}],"line":66},"13":{"loc":{"start":{"line":66,"column":20},"end":{"line":66,"column":83}},"type":"binary-expr","locations":[{"start":{"line":66,"column":20},"end":{"line":66,"column":55}},{"start":{"line":66,"column":59},"end":{"line":66,"column":83}}],"line":66},"14":{"loc":{"start":{"line":87,"column":8},"end":{"line":90,"column":9}},"type":"if","locations":[{"start":{"line":87,"column":8},"end":{"line":90,"column":9}},{"start":{},"end":{}}],"line":87},"15":{"loc":{"start":{"line":91,"column":15},"end":{"line":91,"column":43}},"type":"binary-expr","locations":[{"start":{"line":91,"column":15},"end":{"line":91,"column":35}},{"start":{"line":91,"column":39},"end":{"line":91,"column":43}}],"line":91},"16":{"loc":{"start":{"line":100,"column":8},"end":{"line":103,"column":9}},"type":"if","locations":[{"start":{"line":100,"column":8},"end":{"line":103,"column":9}},{"start":{},"end":{}}],"line":100},"17":{"loc":{"start":{"line":114,"column":8},"end":{"line":118,"column":9}},"type":"if","locations":[{"start":{"line":114,"column":8},"end":{"line":118,"column":9}},{"start":{},"end":{}}],"line":114},"18":{"loc":{"start":{"line":126,"column":8},"end":{"line":129,"column":9}},"type":"if","locations":[{"start":{"line":126,"column":8},"end":{"line":129,"column":9}},{"start":{},"end":{}}],"line":126}},"s":{"0":3,"1":3,"2":3,"3":0,"4":0,"5":0,"6":0,"7":0,"8":0,"9":0,"10":0,"11":0,"12":0,"13":0,"14":0,"15":0,"16":0,"17":0,"18":0,"19":0,"20":0,"21":0,"22":0,"23":0,"24":0,"25":0,"26":0,"27":0,"28":0,"29":0,"30":0,"31":0,"32":0,"33":0,"34":0,"35":0,"36":0,"37":0,"38":0,"39":0,"40":0,"41":0,"42":0,"43":0,"44":0,"45":0,"46":3},"f":{"0":0,"1":0,"2":0,"3":0,"4":0,"5":0},"b":{"0":[3,0],"1":[0,0],"2":[0,0],"3":[0,0],"4":[0],"5":[0,0],"6":[0,0],"7":[0,0],"8":[0,0],"9":[0,0],"10":[0,0],"11":[0,0],"12":[0,0],"13":[0,0],"14":[0,0],"15":[0,0],"16":[0,0],"17":[0,0],"18":[0,0]},"_coverageSchema":"1a1c01bbd47fc00a2c39e90264f33305004495a9","hash":"6b78783880b2505fff21437a07b875f1bea34fbc"}
,"C:\\Users\\luiza\\OneDrive\\Documentos\\Antigravity\\FerramentaFinanceiraTeste\\src\\schemas\\transactionSchema.js": {"path":"C:\\Users\\luiza\\OneDrive\\Documentos\\Antigravity\\FerramentaFinanceiraTeste\\src\\schemas\\transactionSchema.js","statementMap":{"0":{"start":{"line":1,"column":14},"end":{"line":1,"column":28}},"1":{"start":{"line":4,"column":30},"end":{"line":8,"column":1}},"2":{"start":{"line":10,"column":30},"end":{"line":17,"column":2}},"3":{"start":{"line":20,"column":25},"end":{"line":39,"column":2}},"4":{"start":{"line":41,"column":0},"end":{"line":44,"column":2}}},"fnMap":{},"branchMap":{},"s":{"0":5,"1":5,"2":5,"3":5,"4":5},"f":{},"b":{},"_coverageSchema":"1a1c01bbd47fc00a2c39e90264f33305004495a9","hash":"452e283b1cbdc6ebf49b5167cfecc32a004e166e"}
,"C:\\Users\\luiza\\OneDrive\\Documentos\\Antigravity\\FerramentaFinanceiraTeste\\src\\services\\cacheService.js": {"path":"C:\\Users\\luiza\\OneDrive\\Documentos\\Antigravity\\FerramentaFinanceiraTeste\\src\\services\\cacheService.js","statementMap":{"0":{"start":{"line":1,"column":14},"end":{"line":1,"column":38}},"1":{"start":{"line":2,"column":15},"end":{"line":2,"column":41}},"2":{"start":{"line":3,"column":15},"end":{"line":3,"column":32}},"3":{"start":{"line":7,"column":8},"end":{"line":7,"column":40}},"4":{"start":{"line":8,"column":8},"end":{"line":8,"column":36}},"5":{"start":{"line":16,"column":8},"end":{"line":16,"column":91}},"6":{"start":{"line":25,"column":8},"end":{"line":25,"column":31}},"7":{"start":{"line":25,"column":19},"end":{"line":25,"column":31}},"8":{"start":{"line":26,"column":8},"end":{"line":35,"column":9}},"9":{"start":{"line":27,"column":24},"end":{"line":27,"column":54}},"10":{"start":{"line":28,"column":27},"end":{"line":28,"column":47}},"11":{"start":{"line":29,"column":12},"end":{"line":32,"column":13}},"12":{"start":{"line":30,"column":16},"end":{"line":30,"column":77}},"13":{"start":{"line":31,"column":16},"end":{"line":31,"column":42}},"14":{"start":{"line":34,"column":12},"end":{"line":34,"column":49}},"15":{"start":{"line":36,"column":8},"end":{"line":36,"column":20}},"16":{"start":{"line":45,"column":8},"end":{"line":45,"column":43}},"17":{"start":{"line":45,"column":36},"end":{"line":45,"column":43}},"18":{"start":{"line":46,"column":8},"end":{"line":52,"column":9}},"19":{"start":{"line":47,"column":24},"end":{"line":47,"column":54}},"20":{"start":{"line":48,"column":12},"end":{"line":48,"column":79}},"21":{"start":{"line":49,"column":12},"end":{"line":49,"column":74}},"22":{"start":{"line":51,"column":12},"end":{"line":51,"column":49}},"23":{"start":{"line":56,"column":0},"end":{"line":56,"column":36}}},"fnMap":{"0":{"name":"(anonymous_0)","decl":{"start":{"line":6,"column":4},"end":{"line":6,"column":5}},"loc":{"start":{"line":6,"column":18},"end":{"line":9,"column":5}},"line":6},"1":{"name":"(anonymous_1)","decl":{"start":{"line":15,"column":4},"end":{"line":15,"column":5}},"loc":{"start":{"line":15,"column":16},"end":{"line":17,"column":5}},"line":15},"2":{"name":"(anonymous_2)","decl":{"start":{"line":24,"column":4},"end":{"line":24,"column":5}},"loc":{"start":{"line":24,"column":20},"end":{"line":37,"column":5}},"line":24},"3":{"name":"(anonymous_3)","decl":{"start":{"line":44,"column":4},"end":{"line":44,"column":5}},"loc":{"start":{"line":44,"column":34},"end":{"line":53,"column":5}},"line":44}},"branchMap":{"0":{"loc":{"start":{"line":25,"column":8},"end":{"line":25,"column":31}},"type":"if","locations":[{"start":{"line":25,"column":8},"end":{"line":25,"column":31}},{"start":{},"end":{}}],"line":25},"1":{"loc":{"start":{"line":29,"column":12},"end":{"line":32,"column":13}},"type":"if","locations":[{"start":{"line":29,"column":12},"end":{"line":32,"column":13}},{"start":{},"end":{}}],"line":29},"2":{"loc":{"start":{"line":45,"column":8},"end":{"line":45,"column":43}},"type":"if","locations":[{"start":{"line":45,"column":8},"end":{"line":45,"column":43}},{"start":{},"end":{}}],"line":45},"3":{"loc":{"start":{"line":45,"column":12},"end":{"line":45,"column":34}},"type":"binary-expr","locations":[{"start":{"line":45,"column":12},"end":{"line":45,"column":17}},{"start":{"line":45,"column":21},"end":{"line":45,"column":34}}],"line":45}},"s":{"0":5,"1":5,"2":5,"3":5,"4":5,"5":9,"6":5,"7":0,"8":5,"9":5,"10":5,"11":5,"12":1,"13":1,"14":0,"15":4,"16":4,"17":0,"18":4,"19":4,"20":4,"21":4,"22":0,"23":5},"f":{"0":5,"1":9,"2":5,"3":4},"b":{"0":[0,5],"1":[1,4],"2":[0,4],"3":[4,4]},"_coverageSchema":"1a1c01bbd47fc00a2c39e90264f33305004495a9","hash":"ad02fab7b705d5066e19d77faa1b8f8121f8d1a9"}
,"C:\\Users\\luiza\\OneDrive\\Documentos\\Antigravity\\FerramentaFinanceiraTeste\\src\\services\\circuitBreakerService.js": {"path":"C:\\Users\\luiza\\OneDrive\\Documentos\\Antigravity\\FerramentaFinanceiraTeste\\src\\services\\circuitBreakerService.js","statementMap":{"0":{"start":{"line":1,"column":23},"end":{"line":1,"column":41}},"1":{"start":{"line":2,"column":15},"end":{"line":2,"column":41}},"2":{"start":{"line":5,"column":23},"end":{"line":9,"column":1}},"3":{"start":{"line":18,"column":20},"end":{"line":18,"column":88}},"4":{"start":{"line":20,"column":4},"end":{"line":26,"column":7}},"5":{"start":{"line":21,"column":8},"end":{"line":25,"column":10}},"6":{"start":{"line":28,"column":4},"end":{"line":28,"column":85}},"7":{"start":{"line":28,"column":29},"end":{"line":28,"column":83}},"8":{"start":{"line":29,"column":4},"end":{"line":29,"column":94}},"9":{"start":{"line":29,"column":33},"end":{"line":29,"column":92}},"10":{"start":{"line":30,"column":4},"end":{"line":30,"column":87}},"11":{"start":{"line":30,"column":30},"end":{"line":30,"column":85}},"12":{"start":{"line":31,"column":4},"end":{"line":31,"column":112}},"13":{"start":{"line":31,"column":39},"end":{"line":31,"column":110}},"14":{"start":{"line":33,"column":4},"end":{"line":33,"column":19}},"15":{"start":{"line":36,"column":0},"end":{"line":36,"column":35}}},"fnMap":{"0":{"name":"createBreaker","decl":{"start":{"line":17,"column":9},"end":{"line":17,"column":22}},"loc":{"start":{"line":17,"column":77},"end":{"line":34,"column":1}},"line":17},"1":{"name":"(anonymous_1)","decl":{"start":{"line":20,"column":21},"end":{"line":20,"column":22}},"loc":{"start":{"line":20,"column":27},"end":{"line":26,"column":5}},"line":20},"2":{"name":"(anonymous_2)","decl":{"start":{"line":28,"column":23},"end":{"line":28,"column":24}},"loc":{"start":{"line":28,"column":29},"end":{"line":28,"column":83}},"line":28},"3":{"name":"(anonymous_3)","decl":{"start":{"line":29,"column":27},"end":{"line":29,"column":28}},"loc":{"start":{"line":29,"column":33},"end":{"line":29,"column":92}},"line":29},"4":{"name":"(anonymous_4)","decl":{"start":{"line":30,"column":24},"end":{"line":30,"column":25}},"loc":{"start":{"line":30,"column":30},"end":{"line":30,"column":85}},"line":30},"5":{"name":"(anonymous_5)","decl":{"start":{"line":31,"column":27},"end":{"line":31,"column":28}},"loc":{"start":{"line":31,"column":39},"end":{"line":31,"column":110}},"line":31}},"branchMap":{"0":{"loc":{"start":{"line":17,"column":38},"end":{"line":17,"column":61}},"type":"default-arg","locations":[{"start":{"line":17,"column":52},"end":{"line":17,"column":61}}],"line":17},"1":{"loc":{"start":{"line":17,"column":63},"end":{"line":17,"column":75}},"type":"default-arg","locations":[{"start":{"line":17,"column":73},"end":{"line":17,"column":75}}],"line":17}},"s":{"0":7,"1":7,"2":7,"3":42,"4":42,"5":0,"6":42,"7":0,"8":42,"9":0,"10":42,"11":0,"12":42,"13":0,"14":42,"15":7},"f":{"0":42,"1":0,"2":0,"3":0,"4":0,"5":0},"b":{"0":[0],"1":[42]},"_coverageSchema":"1a1c01bbd47fc00a2c39e90264f33305004495a9","hash":"55eaba1d9c5305e5a19d5b2d8280d2155ce75b80"}
,"C:\\Users\\luiza\\OneDrive\\Documentos\\Antigravity\\FerramentaFinanceiraTeste\\src\\services\\currencyService.js": {"path":"C:\\Users\\luiza\\OneDrive\\Documentos\\Antigravity\\FerramentaFinanceiraTeste\\src\\services\\currencyService.js","statementMap":{"0":{"start":{"line":1,"column":14},"end":{"line":1,"column":30}},"1":{"start":{"line":2,"column":15},"end":{"line":2,"column":41}},"2":{"start":{"line":6,"column":8},"end":{"line":6,"column":62}},"3":{"start":{"line":6,"column":51},"end":{"line":6,"column":62}},"4":{"start":{"line":7,"column":8},"end":{"line":22,"column":9}},"5":{"start":{"line":8,"column":29},"end":{"line":8,"column":111}},"6":{"start":{"line":11,"column":24},"end":{"line":11,"column":43}},"7":{"start":{"line":12,"column":12},"end":{"line":16,"column":13}},"8":{"start":{"line":13,"column":29},"end":{"line":13,"column":63}},"9":{"start":{"line":14,"column":16},"end":{"line":14,"column":86}},"10":{"start":{"line":15,"column":16},"end":{"line":15,"column":28}},"11":{"start":{"line":17,"column":12},"end":{"line":17,"column":103}},"12":{"start":{"line":18,"column":12},"end":{"line":18,"column":23}},"13":{"start":{"line":20,"column":12},"end":{"line":20,"column":109}},"14":{"start":{"line":21,"column":12},"end":{"line":21,"column":23}},"15":{"start":{"line":26,"column":21},"end":{"line":26,"column":57}},"16":{"start":{"line":27,"column":8},"end":{"line":30,"column":10}},"17":{"start":{"line":33,"column":0},"end":{"line":33,"column":39}}},"fnMap":{"0":{"name":"(anonymous_0)","decl":{"start":{"line":5,"column":4},"end":{"line":5,"column":5}},"loc":{"start":{"line":5,"column":39},"end":{"line":23,"column":5}},"line":5},"1":{"name":"(anonymous_1)","decl":{"start":{"line":25,"column":4},"end":{"line":25,"column":5}},"loc":{"start":{"line":25,"column":41},"end":{"line":31,"column":5}},"line":25}},"branchMap":{"0":{"loc":{"start":{"line":6,"column":8},"end":{"line":6,"column":62}},"type":"if","locations":[{"start":{"line":6,"column":8},"end":{"line":6,"column":62}},{"start":{},"end":{}}],"line":6},"1":{"loc":{"start":{"line":6,"column":12},"end":{"line":6,"column":49}},"type":"binary-expr","locations":[{"start":{"line":6,"column":12},"end":{"line":6,"column":24}},{"start":{"line":6,"column":28},"end":{"line":6,"column":49}}],"line":6},"2":{"loc":{"start":{"line":12,"column":12},"end":{"line":16,"column":13}},"type":"if","locations":[{"start":{"line":12,"column":12},"end":{"line":16,"column":13}},{"start":{},"end":{}}],"line":12}},"s":{"0":4,"1":4,"2":16,"3":6,"4":10,"5":10,"6":8,"7":8,"8":7,"9":7,"10":7,"11":1,"12":1,"13":2,"14":2,"15":8,"16":8,"17":4},"f":{"0":16,"1":8},"b":{"0":[6,10],"1":[16,13],"2":[7,1]},"_coverageSchema":"1a1c01bbd47fc00a2c39e90264f33305004495a9","hash":"d70bdff13fdd062187d3ceaa8f4bd20ea55b54c7"}
,"C:\\Users\\luiza\\OneDrive\\Documentos\\Antigravity\\FerramentaFinanceiraTeste\\src\\services\\dataProcessor.js": {"path":"C:\\Users\\luiza\\OneDrive\\Documentos\\Antigravity\\FerramentaFinanceiraTeste\\src\\services\\dataProcessor.js","statementMap":{"0":{"start":{"line":1,"column":30},"end":{"line":1,"column":78}},"1":{"start":{"line":2,"column":24},"end":{"line":2,"column":51}},"2":{"start":{"line":5,"column":24},"end":{"line":5,"column":62}},"3":{"start":{"line":7,"column":36},"end":{"line":7,"column":76}},"4":{"start":{"line":8,"column":24},"end":{"line":8,"column":52}},"5":{"start":{"line":9,"column":25},"end":{"line":9,"column":64}},"6":{"start":{"line":10,"column":24},"end":{"line":10,"column":55}},"7":{"start":{"line":17,"column":4},"end":{"line":23,"column":5}},"8":{"start":{"line":18,"column":19},"end":{"line":18,"column":113}},"9":{"start":{"line":19,"column":8},"end":{"line":19,"column":62}},"10":{"start":{"line":19,"column":38},"end":{"line":19,"column":62}},"11":{"start":{"line":20,"column":8},"end":{"line":20,"column":20}},"12":{"start":{"line":22,"column":8},"end":{"line":22,"column":20}},"13":{"start":{"line":28,"column":16},"end":{"line":28,"column":37}},"14":{"start":{"line":29,"column":16},"end":{"line":29,"column":33}},"15":{"start":{"line":30,"column":25},"end":{"line":30,"column":49}},"16":{"start":{"line":32,"column":23},"end":{"line":32,"column":56}},"17":{"start":{"line":33,"column":24},"end":{"line":33,"column":41}},"18":{"start":{"line":35,"column":4},"end":{"line":43,"column":5}},"19":{"start":{"line":36,"column":8},"end":{"line":42,"column":11}},"20":{"start":{"line":44,"column":4},"end":{"line":44,"column":22}},"21":{"start":{"line":48,"column":23},"end":{"line":48,"column":25}},"22":{"start":{"line":49,"column":4},"end":{"line":64,"column":5}},"23":{"start":{"line":50,"column":8},"end":{"line":50,"column":31}},"24":{"start":{"line":50,"column":22},"end":{"line":50,"column":31}},"25":{"start":{"line":51,"column":8},"end":{"line":51,"column":44}},"26":{"start":{"line":52,"column":8},"end":{"line":52,"column":46}},"27":{"start":{"line":54,"column":49},"end":{"line":54,"column":101}},"28":{"start":{"line":56,"column":8},"end":{"line":63,"column":11}},"29":{"start":{"line":65,"column":4},"end":{"line":65,"column":22}},"30":{"start":{"line":69,"column":28},"end":{"line":69,"column":99}},"31":{"start":{"line":70,"column":19},"end":{"line":70,"column":73}},"32":{"start":{"line":72,"column":20},"end":{"line":87,"column":7}},"33":{"start":{"line":72,"column":48},"end":{"line":87,"column":5}},"34":{"start":{"line":89,"column":4},"end":{"line":89,"column":48}},"35":{"start":{"line":93,"column":49},"end":{"line":93,"column":63}},"36":{"start":{"line":95,"column":4},"end":{"line":102,"column":5}},"37":{"start":{"line":96,"column":8},"end":{"line":101,"column":10}},"38":{"start":{"line":104,"column":4},"end":{"line":118,"column":5}},"39":{"start":{"line":105,"column":23},"end":{"line":105,"column":25}},"40":{"start":{"line":106,"column":8},"end":{"line":112,"column":11}},"41":{"start":{"line":107,"column":31},"end":{"line":110,"column":13}},"42":{"start":{"line":111,"column":12},"end":{"line":111,"column":74}},"43":{"start":{"line":113,"column":8},"end":{"line":113,"column":45}},"44":{"start":{"line":114,"column":8},"end":{"line":114,"column":61}},"45":{"start":{"line":116,"column":8},"end":{"line":116,"column":90}},"46":{"start":{"line":117,"column":8},"end":{"line":117,"column":35}},"47":{"start":{"line":126,"column":17},"end":{"line":126,"column":39}},"48":{"start":{"line":127,"column":4},"end":{"line":127,"column":22}},"49":{"start":{"line":127,"column":15},"end":{"line":127,"column":22}},"50":{"start":{"line":129,"column":4},"end":{"line":129,"column":59}},"51":{"start":{"line":129,"column":23},"end":{"line":129,"column":59}},"52":{"start":{"line":130,"column":4},"end":{"line":130,"column":71}},"53":{"start":{"line":130,"column":22},"end":{"line":130,"column":71}},"54":{"start":{"line":132,"column":23},"end":{"line":132,"column":51}},"55":{"start":{"line":133,"column":4},"end":{"line":133,"column":110}},"56":{"start":{"line":133,"column":28},"end":{"line":133,"column":110}},"57":{"start":{"line":135,"column":23},"end":{"line":135,"column":54}},"58":{"start":{"line":136,"column":4},"end":{"line":136,"column":92}},"59":{"start":{"line":136,"column":33},"end":{"line":136,"column":92}},"60":{"start":{"line":138,"column":23},"end":{"line":138,"column":92}},"61":{"start":{"line":140,"column":27},"end":{"line":140,"column":81}},"62":{"start":{"line":143,"column":21},"end":{"line":143,"column":77}},"63":{"start":{"line":145,"column":4},"end":{"line":145,"column":74}},"64":{"start":{"line":148,"column":0},"end":{"line":156,"column":2}}},"fnMap":{"0":{"name":"_parseContent","decl":{"start":{"line":16,"column":9},"end":{"line":16,"column":22}},"loc":{"start":{"line":16,"column":32},"end":{"line":24,"column":1}},"line":16},"1":{"name":"_normalizeTransactions","decl":{"start":{"line":26,"column":9},"end":{"line":26,"column":31}},"loc":{"start":{"line":26,"column":38},"end":{"line":45,"column":1}},"line":26},"2":{"name":"_processItems","decl":{"start":{"line":47,"column":15},"end":{"line":47,"column":28}},"loc":{"start":{"line":47,"column":41},"end":{"line":66
[...]
,"C:\\Users\\luiza\\OneDrive\\Documentos\\Antigravity\\FerramentaFinanceiraTeste\\src\\strategies\\XlsxStrategy.js": {"path":"C:\\Users\\luiza\\OneDrive\\Documentos\\Antigravity\\FerramentaFinanceiraTeste\\src\\strategies\\XlsxStrategy.js","statementMap":{"0":{"start":{"line":1,"column":16},"end":{"line":1,"column":34}},"1":{"start":{"line":2,"column":27},"end":{"line":2,"column":63}},"2":{"start":{"line":6,"column":8},"end":{"line":50,"column":9}},"3":{"start":{"line":8,"column":26},"end":{"line":8,"column":55}},"4":{"start":{"line":9,"column":12},"end":{"line":9,"column":98}},"5":{"start":{"line":9,"column":24},"end":{"line":9,"column":98}},"6":{"start":{"line":11,"column":27},"end":{"line":11,"column":60}},"7":{"start":{"line":14,"column":29},"end":{"line":14,"column":51}},"8":{"start":{"line":15,"column":12},"end":{"line":15,"column":45}},"9":{"start":{"line":18,"column":30},"end":{"line":18,"column":52}},"10":{"start":{"line":19,"column":12},"end":{"line":21,"column":13}},"11":{"start":{"line":20,"column":16},"end":{"line":20,"column":90}},"12":{"start":{"line":24,"column":26},"end":{"line":24,"column":28}},"13":{"start":{"line":25,"column":12},"end":{"line":33,"column":15}},"14":{"start":{"line":26,"column":34},"end":{"line":26,"column":44}},"15":{"start":{"line":27,"column":16},"end":{"line":32,"column":17}},"16":{"start":{"line":30,"column":33},"end":{"line":30,"column":61}},"17":{"start":{"line":31,"column":20},"end":{"line":31,"column":43}},"18":{"start":{"line":35,"column":12},"end":{"line":35,"column":87}},"19":{"start":{"line":36,"column":29},"end":{"line":36,"column":58}},"20":{"start":{"line":38,"column":12},"end":{"line":40,"column":13}},"21":{"start":{"line":39,"column":16},"end":{"line":39,"column":94}},"22":{"start":{"line":42,"column":12},"end":{"line":45,"column":14}},"23":{"start":{"line":48,"column":12},"end":{"line":48,"column":57}},"24":{"start":{"line":49,"column":12},"end":{"line":49,"column":83}},"25":{"start":{"line":54,"column":0},"end":{"line":54,"column":36}}},"fnMap":{"0":{"name":"(anonymous_0)","decl":{"start":{"line":5,"column":4},"end":{"line":5,"column":5}},"loc":{"start":{"line":5,"column":27},"end":{"line":51,"column":5}},"line":5},"1":{"name":"(anonymous_1)","decl":{"start":{"line":25,"column":30},"end":{"line":25,"column":31}},"loc":{"start":{"line":25,"column":50},"end":{"line":33,"column":13}},"line":25}},"branchMap":{"0":{"loc":{"start":{"line":9,"column":12},"end":{"line":9,"column":98}},"type":"if","locations":[{"start":{"line":9,"column":12},"end":{"line":9,"column":98}},{"start":{},"end":{}}],"line":9},"1":{"loc":{"start":{"line":19,"column":12},"end":{"line":21,"column":13}},"type":"if","locations":[{"start":{"line":19,"column":12},"end":{"line":21,"column":13}},{"start":{},"end":{}}],"line":19},"2":{"loc":{"start":{"line":27,"column":16},"end":{"line":32,"column":17}},"type":"if","locations":[{"start":{"line":27,"column":16},"end":{"line":32,"column":17}},{"start":{},"end":{}}],"line":27},"3":{"loc":{"start":{"line":38,"column":12},"end":{"line":40,"column":13}},"type":"if","locations":[{"start":{"line":38,"column":12},"end":{"line":40,"column":13}},{"start":{},"end":{}}],"line":38}},"s":{"0":1,"1":1,"2":0,"3":0,"4":0,"5":0,"6":0,"7":0,"8":0,"9":0,"10":0,"11":0,"12":0,"13":0,"14":0,"15":0,"16":0,"17":0,"18":0,"19":0,"20":0,"21":0,"22":0,"23":0,"24":0,"25":1},"f":{"0":0,"1":0},"b":{"0":[0,0],"1":[0,0],"2":[0,0],"3":[0,0]},"_coverageSchema":"1a1c01bbd47fc00a2c39e90264f33305004495a9","hash":"1e43a43267dedc985a8d3522d614c359d8671e36"}
,"C:\\Users\\luiza\\OneDrive\\Documentos\\Antigravity\\FerramentaFinanceiraTeste\\src\\utils\\dateUtility.js": {"path":"C:\\Users\\luiza\\OneDrive\\Documentos\\Antigravity\\FerramentaFinanceiraTeste\\src\\utils\\dateUtility.js","statementMap":{"0":{"start":{"line":1,"column":45},"end":{"line":1,"column":64}},"1":{"start":{"line":10,"column":4},"end":{"line":10,"column":36}},"2":{"start":{"line":10,"column":18},"end":{"line":10,"column":36}},"3":{"start":{"line":15,"column":4},"end":{"line":21,"column":5}},"4":{"start":{"line":16,"column":8},"end":{"line":16,"column":53}},"5":{"start":{"line":19,"column":9},"end":{"line":21,"column":5}},"6":{"start":{"line":20,"column":8},"end":{"line":20,"column":62}},"7":{"start":{"line":23,"column":4},"end":{"line":23,"column":57}},"8":{"start":{"line":32,"column":4},"end":{"line":32,"column":33}},"9":{"start":{"line":32,"column":15},"end":{"line":32,"column":33}},"10":{"start":{"line":33,"column":14},"end":{"line":33,"column":66}},"11":{"start":{"line":34,"column":4},"end":{"line":34,"column":35}},"12":{"start":{"line":43,"column":4},"end":{"line":43,"column":33}},"13":{"start":{"line":43,"column":15},"end":{"line":43,"column":33}},"14":{"start":{"line":44,"column":14},"end":{"line":44,"column":66}},"15":{"start":{"line":45,"column":4},"end":{"line":45,"column":61}},"16":{"start":{"line":45,"column":21},"end":{"line":45,"column":61}},"17":{"start":{"line":46,"column":4},"end":{"line":46,"column":35}},"18":{"start":{"line":49,"column":0},"end":{"line":53,"column":2}}},"fnMap":{"0":{"name":"parseAnyDate","decl":{"start":{"line":9,"column":9},"end":{"line":9,"column":21}},"loc":{"start":{"line":9,"column":31},"end":{"line":24,"column":1}},"line":9},"1":{"name":"formatToISO","decl":{"start":{"line":31,"column":9},"end":{"line":31,"column":20}},"loc":{"start":{"line":31,"column":27},"end":{"line":35,"column":1}},"line":31},"2":{"name":"formatToDisplay","decl":{"start":{"line":42,"column":9},"end":{"line":42,"column":24}},"loc":{"start":{"line":42,"column":31},"end":{"line":47,"column":1}},"line":42}},"branchMap":{"0":{"loc":{"start":{"line":10,"column":4},"end":{"line":10,"column":36}},"type":"if","locations":[{"start":{"line":10,"column":4},"end":{"line":10,"column":36}},{"start":{},"end":{}}],"line":10},"1":{"loc":{"start":{"line":15,"column":4},"end":{"line":21,"column":5}},"type":"if","locations":[{"start":{"line":15,"column":4},"end":{"line":21,"column":5}},{"start":{"line":19,"column":9},"end":{"line":21,"column":5}}],"line":15},"2":{"loc":{"start":{"line":19,"column":9},"end":{"line":21,"column":5}},"type":"if","locations":[{"start":{"line":19,"column":9},"end":{"line":21,"column":5}},{"start":{},"end":{}}],"line":19},"3":{"loc":{"start":{"line":23,"column":11},"end":{"line":23,"column":56}},"type":"cond-expr","locations":[{"start":{"line":23,"column":33},"end":{"line":23,"column":43}},{"start":{"line":23,"column":46},"end":{"line":23,"column":56}}],"line":23},"4":{"loc":{"start":{"line":32,"column":4},"end":{"line":32,"column":33}},"type":"if","locations":[{"start":{"line":32,"column":4},"end":{"line":32,"column":33}},{"start":{},"end":{}}],"line":32},"5":{"loc":{"start":{"line":33,"column":14},"end":{"line":33,"column":66}},"type":"cond-expr","locations":[{"start":{"line":33,"column":41},"end":{"line":33,"column":59}},{"start":{"line":33,"column":62},"end":{"line":33,"column":66}}],"line":33},"6":{"loc":{"start":{"line":43,"column":4},"end":{"line":43,"column":33}},"type":"if","locations":[{"start":{"line":43,"column":4},"end":{"line":43,"column":33}},{"start":{},"end":{}}],"line":43},"7":{"loc":{"start":{"line":44,"column":14},"end":{"line":44,"column":66}},"type":"cond-expr","locations":[{"start":{"line":44,"column":41},"end":{"line":44,"column":59}},{"start":{"line":44,"column":62},"end":{"line":44,"column":66}}],"line":44},"8":{"loc":{"start":{"line":45,"column":4},"end":{"line":45,"column":61}},"type":"if","locations":[{"start":{"line":45,"column":4},"end":{"line":45,"column":61}},{"start":{},"end":{}}],"line":45}},"s":{"0":3,"1":6,"2":0,"3":6,"4":6,"5":0,"6":0,"7":6,"8":7,"9":1,"10":7,"11":7,"12":0,"13":0,"14":0,"15":0,"16":0,"17":0,"18":3},"f":{"0":6,"1":7,"2":0},"b":{"0":[0,6],"1":[6,0],"2":[0,0],"3":[6,0],"4":[1,6],"5":[6,1],"6":[0,0],"7":[0,0],"8":[0,0]},"_coverageSchema":"1a1c01bbd47fc00a2c39e90264f33305004495a9","hash":"b85ab71ae066e8af026fa8c52d0eaf14edbb0ba2"}
,"C:\\Users\\luiza\\OneDrive\\Documentos\\Antigravity\\FerramentaFinanceiraTeste\\src\\workers\\mediaWorker.js": {"path":"C:\\Users\\luiza\\OneDrive\\Documentos\\Antigravity\\FerramentaFinanceiraTeste\\src\\workers\\mediaWorker.js","statementMap":{"0":{"start":{"line":1,"column":19},"end":{"line":1,"column":36}},"1":{"start":{"line":2,"column":15},"end":{"line":2,"column":51}},"2":{"start":{"line":3,"column":21},"end":{"line":3,"column":56}},"3":{"start":{"line":4,"column":23},"end":{"line":4,"column":60}},"4":{"start":{"line":5,"column":33},"end":{"line":5,"column":69}},"5":{"start":{"line":6,"column":29},"end":{"line":6,"column":73}},"6":{"start":{"line":7,"column":39},"end":{"line":7,"column":76}},"7":{"start":{"line":8,"column":14},"end":{"line":8,"column":48}},"8":{"start":{"line":9,"column":29},"end":{"line":9,"column":68}},"9":{"start":{"line":14,"column":64},"end":{"line":14,"column":71}},"10":{"start":{"line":16,"column":24},"end":{"line":29,"column":5}},"11":{"start":{"line":23,"column":36},"end":{"line":27,"column":9}},"12":{"start":{"line":31,"column":4},"end":{"line":31,"column":61}},"13":{"start":{"line":31,"column":34},"end":{"line":31,"column":61}},"14":{"start":{"line":32,"column":4},"end":{"line":32,"column":23}},"15":{"start":{"line":36,"column":17},"end":{"line":36,"column":104}},"16":{"start":{"line":37,"column":32},"end":{"line":37,"column":37}},"17":{"start":{"line":40,"column":18},"end":{"line":40,"column":22}},"18":{"start":{"line":41,"column":23},"end":{"line":41,"column":40}},"19":{"start":{"line":42,"column":22},"end":{"line":42,"column":43}},"20":{"start":{"line":43,"column":4},"end":{"line":45,"column":5}},"21":{"start":{"line":44,"column":8},"end":{"line":44,"column":60}},"22":{"start":{"line":47,"column":4},"end":{"line":55,"column":40}},"23":{"start":{"line":48,"column":26},"end":{"line":48,"column":45}},"24":{"start":{"line":49,"column":27},"end":{"line":49,"column":64}},"25":{"start":{"line":50,"column":8},"end":{"line":54,"column":9}},"26":{"start":{"line":52,"column":12},"end":{"line":52,"column":79}},"27":{"start":{"line":53,"column":12},"end":{"line":53,"column":41}},"28":{"start":{"line":58,"column":4},"end":{"line":60,"column":5}},"29":{"start":{"line":59,"column":8},"end":{"line":59,"column":34}},"30":{"start":{"line":61,"column":4},"end":{"line":61,"column":16}},"31":{"start":{"line":65,"column":24},"end":{"line":65,"column":63}},"32":{"start":{"line":66,"column":21},"end":{"line":66,"column":35}},"33":{"start":{"line":68,"column":21},"end":{"line":68,"column":89}},"34":{"start":{"line":70,"column":4},"end":{"line":77,"column":5}},"35":{"start":{"line":71,"column":29},"end":{"line":71,"column":94}},"36":{"start":{"line":73,"column":8},"end":{"line":73,"column":58}},"37":{"start":{"line":74,"column":8},"end":{"line":74,"column":71}},"38":{"start":{"line":75,"column":8},"end":{"line":75,"column":84}},"39":{"start":{"line":75,"column":37},"end":{"line":75,"column":84}},"40":{"start":{"line":76,"column":8},"end":{"line":76,"column":68}},"41":{"start":{"line":81,"column":23},"end":{"line":83,"column":27}},"42":{"start":{"line":85,"column":4},"end":{"line":85,"column":62}},"43":{"start":{"line":86,"column":4},"end":{"line":86,"column":109}},"44":{"start":{"line":90,"column":4},"end":{"line":90,"column":24}},"45":{"start":{"line":90,"column":17},"end":{"line":90,"column":24}},"46":{"start":{"line":92,"column":4},"end":{"line":105,"column":5}},"47":{"start":{"line":94,"column":12},"end":{"line":94,"column":78}},"48":{"start":{"line":95,"column":12},"end":{"line":95,"column":18}},"49":{"start":{"line":97,"column":12},"end":{"line":97,"column":89}},"50":{"start":{"line":98,"column":12},"end":{"line":98,"column":18}},"51":{"start":{"line":100,"column":12},"end":{"line":100,"column":55}},"52":{"start":{"line":101,"column":12},"end":{"line":101,"column":18}},"53":{"start":{"line":103,"column":12},"end":{"line":103,"column":75}},"54":{"start":{"line":104,"column":12},"end":{"line":104,"column":18}},"55":{"start":{"line":110,"column":20},"end":{"line":139,"column":25}},"56":{"start":{"line":111,"column":31},"end":{"line":111,"column":39}},"57":{"start":{"line":112,"column":17},"end":{"line":112,"column":25}},"58":{"start":{"line":114,"column":4},"end":{"line":114,"column":71}},"59":{"start":{"line":116,"column":18},"end":{"line":122,"column":5}},"60":{"start":{"line":117,"column":8},"end":{"line":121,"column":9}},"61":{"start":{"line":118,"column":12},"end":{"line":118,"column":57}},"62":{"start":{"line":120,"column":12},"end":{"line":120,"column":94}},"63":{"start":{"line":124,"column":4},"end":{"line":137,"column":5}},"64":{"start":{"line":125,"column":28},"end":{"line":125,"column":88}},"65":{"start":{"line":128,"column":25},"end":{"line":128,"column":63}},"66":{"start":{"line":129,"column":23},"end":{"line":129,"column":68}},"67":{"start":{"line":131,"column":8},"end":{"line":131,"column":73}},"68":{"start":{"line":134,"column":8},"end":{"line":134,"column":70}},"69":{"start":{"line":135,"column":8},"end":{"line":135,"column":95}},"70":{"start":{"line":136,"column":8},"end":{"line":136,"column":18}},"71":{"start":{"line":141,"column":0},"end":{"line":143,"column":3}},"72":{"start":{"line":142,"column":4},"end":{"line":142,"column":53}},"73":{"start":{"line":145,"column":0},"end":{"line":147,"column":3}},"74":{"start":{"line":146,"column":4},"end":{"line":146,"column":74}},"75":{"start":{"line":150,"column":0},"end":{"line":150,"column":52}},"76":{"start":{"line":151,"column":0},"end":{"line":151,"column":52}},"77":{"start":{"line":152,"column":0},"end":{"line":152,"column":60}},"78":{"start":{"line":153,"column":0},"end":{"line":153,"column":52}},"79":{"start":{"line":154,"column":0},"end":{"line":154,"column":66}},"80":{"start":{"line":156,"column":0},"end":{"line":156,"column":29}}},"fnMap":{"0":{"name":"_createMockMessage","decl":{"start":{"line":13,"column":9},"end":{"line":13,"column":27}},"loc":{"start":{"line":13,"column":58},"end":{"line":33,"column":1}},"line":13},"1":{"name":"(anonymous_1)","decl":{"start":{"line":23,"column":23},"end":{"line":23,"column":24}},"loc":{"start":{"line":23,"column":36},"end":{"line":27,"column":9}},"line":23},"2":{"name":"_processAIResponse","decl":{"start":{"line":35,"column":15},"end":{"line":35,"column":33}},"loc":{"start":{"line":35,"column":74},"end":{"line":62,"column":1}},"line":35},"3":{"name":"_handleTextCommand","decl":{"start":{"line":64,"column":15},"end":{"line":64,"column":33}},"loc":{"start":{"line":64,"column":76},"end":{"line":78,"column":1}},"line":64},"4":{"name":"_handlePdfPasswordRequest","decl":{"start":{"line":80,"column":15},"end":{"line":80,"column":40}},"loc":{"start":{"line":80,"column":72},"end":{"line":87,"column":1}},"line":80},"5":{"name":"_processStrategyResult","decl":{"start":{"line":89,"column":15},"end":{"line":89,"column":37}},"loc":{"start":{"line":89,"column":82},"end":{"line":106,"column":1}},"line":89},"6":{"name":"(anonymous_6)","decl":{"start":{"line":110,"column":51},"end":{"line":110,"column":52}},"loc":{"start":{"line":110,"column":66},"end":{"line":139,"column":1}},"line":110},"7":{"name":"(anonymous_7)","decl":{"start":{"line":116,"column":18},"end":{"line":116,"column":19}},"loc":{"start":{"line":116,"column":34},"end":{"line":122,"column":5}},"line":116},"8":{"name":"(anonymous_8)","decl":{"start":{"line":141,"column":28},"end":{"line":141,"column":29}},"loc":{"start":{"line":141,"column":37},"end":{"line":143,"column":1}},"line":141},"9":{"name":"(anonymous_9)","decl":{"start":{"line":145,"column":25},"end":{"line":145,"column":26}},"loc":{"start":{"line":145,"column":39},"end":{"line":147,"column":1}},"line":145}},"branchMap":{"0":{"loc":{"start":{"line":19,"column":14},"end":{"line":19,"column":24}},"type":"binary-expr","locations":[{"start":{"line":19,"column":14},"end":{"line":19,"column":18}},{"start":{"line":19,"column":22},"end":{"line":19,"column":24}}],"line":19},"1":{"loc":{"start":{"line":20,"column":14},"end":{"line":20,"column":59}},"type":"cond-expr","locations":[{"start":{"line":20,"column":41},"end":{"line":20,"column":46}},{"start":{"line":20,"column":49},"end":{"line":20,"column":59}}],"line":20},"2":{"loc":{"start":{"line":31,"column":4},"end":{"line":31,"column":61}},"type":"if","locations":[{"start":{"line":31,"column":4},"end":{"line":31,"column":61}},{"start":{},"end":{}}],"line":31},"3":{"loc":{"start":{"line":36,"column":17},"end":{"line":36,"column":104}},"type":"cond-expr","locations":[{"start":{"line":36,"column":55},"end":{"line":36,"column":70}},{"start":{"line":36,"column":73},"end":{"line":36,"column":104}}],"line":36},"4":{"loc":{"start":{"line":43,"column":4},"end":{"line":45,"column":5}},"type":"if","locations":[{"start":{"line":43,"column":4},"end":{"line":45,"column":5}},{"start":{},"end":{}}],"line":43},"5":{"loc":{"start":{"line":43,"column":8},"end":{"line":43,"column":71}},"type":"binary-expr","locations":[{"start":{"line":43,"column":8},"end":{"line":43,"column":25}},{"start":{"line":43,"column":29},"end":{"line":43,"column":45}},{"start":{"line":43,"column":49},"end":{"line":43,"column":71}}],"line":43},"6":{"loc":{"start":{"line":50,"column":8},"end":{"line":54,"column":9}},"type":"if","locations":[{"start":{"line":50,"column":8},"end":{"line":54,"column":9}},{"start":{},"end":{}}],"line":50},"7":{"loc":{"start":{"line":58,"column":4},"end":{"line":60,"column":5}},"type":"if","locations":[{"start":{"line":58,"column":4},"end":{"line":60,"column":5}},{"start":{},"end":{}}],"line":58},"8":{"loc":{"start":{"line":70,"column":4},"end":{"line":77,"column":5}},"type":"if","locations":[{"start":{"line":70,"column":4},"end":{"line":77,"column":5}},{"start":{},"end":{}}],"line":70},"9":{"loc":{"start":{"line":70,"column":8},"end":{"line":70,"column":76}},"type":"binary-expr","locations":[{"start":{"line":70,"column":8},"end":{"line":70,"column":39}},{"start":{"line":70,"column":43},"end":{"line":70,"column":76}}],"line":70},"10":{"loc":{"start":{"line":75,"column":8},"end":{"line":75,"column":84}},"type":"if","locations":[{"start":{"line":75,"column":8},"end":{"line":75,"column":84}},{"start":{},"end":{}}],"line":75},"11":{"loc":{"start":{"line":81,"column":23},"end":{"line":83,"column":27}},"type":"cond-expr","locations":[{"start":{"line":82,"column":10},"end":{"line":82,"column":46}},{"start":{"line":83,"column":10},"end":{"line":83,"column":27}}],"line":81},"12":{"loc":{"start":{"line":90,"column":4},"end":{"line":90,"column":24}},"type":"if","locations":[{"start":{"line":90,"column":4},"end":{"line":90,"column":24}},{"start":{},"end":{}}],"line":90},"13":{"loc":{"start":{"line":92,"column":4},"end":{"line":105,"column":5}},"type":"switch","locations":[{"start":{"line":93,"column":8},"end":{"line":95,"column":18}},{"start":{"line":96,"column":8},"end":{"line":98,"column":18}},{"start":{"line":99,"column":8},"end":{"line":101,"column":18}},{"start":{"line":102,"column":8},"end":{"line":104,"column":18}}],"line":92}},"s":{"0":2,"1":2,"2":2,"3":2,"4":2,"5":2,"6":2,"7":2,"8":2,"9":3,"10":3,"11":1,"12":3,"13":1,"14":3,"15":4,"16":4,"17":4,"18":4,"19":4,"20":4,"21":1,"22":4,"23":4,"24":1,"25":1,"26":1,"27":1,"28":4,"29":3,"30":4,"31":1,"32":1,"33":1,"34":1,"35":1,"36":1,"37":1,"38":1,"39":0,"40":1,"41":1,"42":1,"43":1,"44":4,"45":0,"46":4,"47":1,"48":1,"49":1,"50":1,"51":1,"52":1,"53":1,"54":1,"55":2,"56":0,"57":0,"58":0,"59":0,"60":0,"61":0,"62":0,"63":0,"64":0,"65":0,"66":0,"67":0,"68":0,"69":0,"70":0,"71":2,"72":0,"73":2,"74":0,"75":2,"76":2,"77":2,"78":2,"79":2,"80":2},"f":{"0":3,"1":1,"2":4,"3":1,"4":1,"5":4,"6":0,"7":0,"8":0,"9":0},"b":{"0":[3,2],"1":[1,2],"2":[1,2],"3":[4,0],"4":[1,3],"5":[4,2,1],"6":[1,0],"7":[3,1],"8":[1,0],"9":[1,0],"10":[0,1],"11":[1,0],"12":[0,4],"13":[1,1,1,1]},"_coverageSchema":"1a1c01bbd47fc00a2c39e90264f33305004495a9","hash":"a655da765a5603d3601b8368cc2faf95a8a30df7"}
}
