TN:
SF:src\commands\ForgotCommand.js
FN:4,(anonymous_0)
FN:8,(anonymous_1)
FN:12,(anonymous_2)
FNF:3
FNH:2
FNDA:1,(anonymous_0)
FNDA:2,(anonymous_1)
FNDA:0,(anonymous_2)
DA:1,1
DA:5,1
DA:9,2
DA:13,0
DA:14,0
DA:15,0
DA:16,0
DA:17,0
DA:21,1
LF:9
LH:4
BRF:0
BRH:0
end_of_record
TN:
SF:src\commands\OnboardingCommand.js
FN:4,(anonymous_0)
FN:8,(anonymous_1)
FN:12,(anonymous_2)
FNF:3
FNH:2
FNDA:1,(anonymous_0)
FNDA:2,(anonymous_1)
FNDA:0,(anonymous_2)
DA:1,1
DA:5,1
DA:9,2
DA:13,0
DA:14,0
DA:15,0
DA:18,0
DA:21,0
DA:25,1
LF:9
LH:4
BRF:0
BRH:0
end_of_record
TN:
SF:src\commands\ReportCommand.js
FN:5,(anonymous_0)
FN:9,(anonymous_1)
FN:13,(anonymous_2)
FNF:3
FNH:2
FNDA:1,(anonymous_0)
FNDA:2,(anonymous_1)
FNDA:0,(anonymous_2)
DA:1,1
DA:2,1
DA:6,1
DA:10,2
DA:14,0
DA:15,0
DA:16,0
DA:17,0
DA:19,0
DA:25,0
DA:26,0
DA:28,0
DA:29,0
DA:30,0
DA:35,1
LF:15
LH:5
BRF:0
BRH:0
end_of_record
TN:
SF:src\commands\ResetCommand.js
FN:6,(anonymous_0)
FN:10,(anonymous_1)
FN:14,(anonymous_2)
FNF:3
FNH:2
FNDA:1,(anonymous_0)
FNDA:2,(anonymous_1)
FNDA:0,(anonymous_2)
DA:1,1
DA:2,1
DA:3,1
DA:7,1
DA:11,2
DA:15,0
DA:16,0
DA:18,0
DA:19,0
DA:20,0
DA:23,0
DA:25,0
DA:26,0
DA:28,0
DA:29,0
DA:30,0
DA:35,1
LF:17
LH:6
BRF:0
BRH:0
end_of_record
TN:
SF:src\factories\MediaStrategyFactory.js
FN:10,(anonymous_0)
FN:22,(anonymous_1)
FNF:2
FNH:1
FNDA:1,(anonymous_0)
FNDA:0,(anonymous_1)
DA:1,1
DA:2,1
DA:3,1
DA:4,1
DA:5,1
DA:6,1
DA:7,1
DA:11,1
DA:23,0
DA:24,0
DA:25,0
DA:27,0
DA:31,1
LF:13
LH:9
BRDA:24,0,0,0
BRDA:24,0,1,0
BRF:2
BRH:0
end_of_record
TN:
SF:src\handlers\AiConversationHandler.js
FN:9,_parseAIResponse
FN:20,_handleHITL
FN:29,(anonymous_2)
FN:41,_processTransactionData
FN:43,(anonymous_4)
FN:60,(anonymous_5)
FN:67,(anonymous_6)
FN:82,(anonymous_7)
FN:92,(anonymous_8)
FN:112,(anonymous_9)
FN:121,(anonymous_10)
FN:132,(anonymous_11)
FNF:12
FNH:10
FNDA:10,_parseAIResponse
FNDA:5,_handleHITL
FNDA:2,(anonymous_2)
FNDA:2,_processTransactionData
FNDA:1,(anonymous_4)
FNDA:0,(anonymous_5)
FNDA:0,(anonymous_6)
FNDA:1,(anonymous_7)
FNDA:1,(anonymous_8)
FNDA:1,(anonymous_9)
FNDA:1,(anonymous_10)
FNDA:1,(anonymous_11)
DA:1,3
DA:2,3
DA:3,3
DA:4,3
DA:5,3
DA:10,10
DA:11,10
DA:12,10
DA:14,10
DA:15,7
DA:17,10
DA:21,5
DA:22,2
DA:23,2
DA:25,2
DA:29,2
DA:32,2
DA:35,2
DA:36,2
DA:38,3
DA:43,2
DA:45,2
DA:50,2
DA:53,1
DA:61,0
DA:62,0
DA:63,0
DA:68,0
DA:70,0
DA:71,0
DA:75,0
DA:77,0
DA:83,1
DA:84,0
DA:85,0
DA:87,1
DA:93,1
DA:95,1
DA:96,1
DA:97,0
DA:99,0
DA:100,0
DA:101,0
DA:104,0
DA:107,1
DA:113,1
DA:114,1
DA:115,1
DA:117,1
DA:122,1
DA:126,1
DA:128,1
DA:133,1
DA:134,1
DA:137,1
DA:138,0
DA:139,0
DA:143,1
DA:144,1
DA:151,1
DA:156,3
LF:61
LH:44
BRDA:14,0,0,7
BRDA:14,0,1,3
BRDA:14,1,0,10
BRDA:14,1,1,7
BRDA:14,1,2,7
BRDA:21,2,0,2
BRDA:21,2,1,3
BRDA:21,3,0,5
BRDA:21,3,1,5
BRDA:47,4,0,2
BRDA:47,4,1,1
BRDA:68,5,0,0
BRDA:68,5,1,0
BRDA:70,6,0,0
BRDA:70,6,1,0
BRDA:83,7,0,0
BRDA:83,7,1,1
BRDA:99,8,0,0
BRDA:99,8,1,0
BRDA:117,9,0,1
BRDA:117,9,1,0
BRDA:122,10,0,1
BRDA:122,10,1,0
BRDA:137,11,0,0
BRDA:137,11,1,1
BRDA:143,12,0,1
BRDA:143,12,1,0
BRDA:143,13,0,1
BRDA:143,13,1,0
BRF:29
BRH:17
end_of_record
TN:
SF:src\handlers\CommandDispatcher.js
FN:7,(anonymous_0)
FN:16,(anonymous_1)
FNF:2
FNH:2
FNDA:1,(anonymous_0)
FNDA:2,(anonymous_1)
DA:1,1
DA:2,1
DA:3,1
DA:4,1
DA:8,1
DA:17,2
DA:19,2
DA:20,8
DA:21,0
DA:24,2
DA:28,1
LF:11
LH:10
BRDA:20,0,0,0
BRDA:20,0,1,8
BRF:2
BRH:1
end_of_record
TN:
SF:src\handlers\FeedbackHandler.js
FN:11,(anonymous_0)
FN:39,(anonymous_1)
FNF:2
FNH:2
FNDA:6,(anonymous_0)
FNDA:2,(anonymous_1)
DA:1,2
DA:2,2
DA:3,2
DA:6,2
DA:7,2
DA:8,2
DA:12,6
DA:15,6
DA:16,6
DA:17,1
DA:18,1
DA:19,1
DA:21,1
DA:28,1
DA:32,5
DA:34,5
DA:35,2
DA:36,2
DA:38,2
DA:39,1
DA:40,2
DA:42,1
DA:43,1
DA:44,1
DA:47,1
DA:48,1
DA:55,1
DA:56,1
DA:57,1
DA:58,1
DA:61,0
DA:63,0
DA:68,3
DA:69,0
DA:70,0
DA:73,3
DA:77,2
LF:37
LH:33
BRDA:16,0,0,1
BRDA:16,0,1,5
BRDA:16,1,0,6
BRDA:16,1,1,1
BRDA:34,2,0,2
BRDA:34,2,1,3
BRDA:34,3,0,5
BRDA:34,3,1,2
BRDA:36,4,0,2
BRDA:36,4,1,1
BRDA:38,5,0,1
BRDA:38,5,1,1
BRDA:47,6,0,1
BRDA:47,6,1,0
BRDA:55,7,0,1
BRDA:55,7,1,0
BRDA:68,8,0,0
BRDA:68,8,1,3
BRDA:68,9,0,3
BRDA:68,9,1,3
BRF:20
BRH:17
end_of_record
TN:
SF:src\handlers\MediaHandler.js
FN:6,_isValidSize
FN:11,_downloadMediaSafe
FN:26,_isPDF
FN:30,_isOFX
FN:34,_isCSV
FN:38,_isExcel
FN:46,_determineJobType
FN:67,(anonymous_7)
FNF:8
FNH:8
FNDA:19,_isValidSize
FNDA:14,_downloadMediaSafe
FNDA:18,_isPDF
FNDA:15,_isOFX
FNDA:12,_isCSV
FNDA:11,_isExcel
FNDA:23,_determineJobType
FNDA:13,(anonymous_7)
DA:1,5
DA:2,5
DA:7,19
DA:8,19
DA:12,14
DA:13,14
DA:14,10
DA:15,2
DA:16,1
DA:18,8
DA:20,5
DA:21,5
DA:27,18
DA:31,15
DA:35,12
DA:39,11
DA:47,23
DA:48,23
DA:49,23
DA:52,23
DA:53,21
DA:56,16
DA:57,15
DA:58,12
DA:59,9
DA:60,6
DA:63,4
DA:69,13
DA:72,11
DA:73,0
DA:74,0
DA:75,0
DA:79,11
DA:80,11
DA:81,4
DA:82,4
DA:85,7
DA:86,7
DA:87,7
DA:90,7
DA:92,7
DA:93,6
DA:94,6
DA:95,6
DA:103,6
DA:106,1
DA:110,5
LF:47
LH:44
BRDA:6,0,0,17
BRDA:7,1,0,19
BRDA:7,1,1,3
BRDA:14,2,0,2
BRDA:14,2,1,8
BRDA:27,3,0,18
BRDA:27,3,1,14
BRDA:31,4,0,15
BRDA:31,4,1,11
BRDA:35,5,0,12
BRDA:35,5,1,8
BRDA:39,6,0,11
BRDA:39,6,1,7
BRDA:39,6,2,6
BRDA:39,6,3,5
BRDA:48,7,0,23
BRDA:48,7,1,2
BRDA:48,7,2,2
BRDA:52,8,0,2
BRDA:52,8,1,21
BRDA:53,9,0,5
BRDA:53,9,1,16
BRDA:53,10,0,21
BRDA:53,10,1,18
BRDA:56,11,0,15
BRDA:56,11,1,1
BRDA:57,12,0,3
BRDA:57,12,1,12
BRDA:58,13,0,3
BRDA:58,13,1,9
BRDA:59,14,0,3
BRDA:59,14,1,6
BRDA:60,15,0,3
BRDA:60,15,1,3
BRDA:69,16,0,2
BRDA:69,16,1,11
BRDA:69,17,0,13
BRDA:69,17,1,11
BRDA:72,18,0,0
BRDA:72,18,1,11
BRDA:80,19,0,4
BRDA:80,19,1,7
BRDA:87,20,0,7
BRDA:87,20,1,0
BRDA:87,20,2,0
BRDA:92,21,0,6
BRDA:92,21,1,1
BRF:47
BRH:44
end_of_record
TN:
SF:src\handlers\messageHandler.js
FN:14,_authenticateUser
FN:33,_handleLegacyHandshake
FN:47,handleMessage
FNF:3
FNH:3
FNDA:7,_authenticateUser
FNDA:5,_handleLegacyHandshake
FNDA:4,handleMessage
DA:1,2
DA:2,2
DA:3,2
DA:4,2
DA:7,2
DA:8,2
DA:9,2
DA:10,2
DA:15,7
DA:16,7
DA:18,6
DA:19,2
DA:20,2
DA:21,1
DA:25,4
DA:26,4
DA:27,1
DA:30,4
DA:34,5
DA:35,2
DA:36,1
DA:37,1
DA:38,1
DA:39,1
DA:42,4
DA:48,4
DA:49,4
DA:51,4
DA:59,4
DA:60,2
DA:63,2
DA:66,2
DA:67,2
DA:68,0
DA:73,2
DA:78,2
DA:79,2
DA:82,2
DA:83,2
DA:86,2
DA:87,2
DA:90,1
DA:93,2
DA:95,2
DA:96,2
DA:97,2
DA:102,2
DA:108,2
LF:48
LH:47
BRDA:18,0,0,2
BRDA:18,0,1,4
BRDA:25,1,0,4
BRDA:25,1,1,4
BRDA:26,2,0,1
BRDA:26,2,1,3
BRDA:26,3,0,4
BRDA:26,3,1,1
BRDA:34,4,0,2
BRDA:34,4,1,3
BRDA:35,5,0,1
BRDA:35,5,1,1
BRDA:35,6,0,2
BRDA:35,6,1,1
BRDA:37,7,0,1
BRDA:37,7,1,0
BRDA:49,8,0,0
BRDA:49,8,1,4
BRDA:60,9,0,0
BRDA:60,9,1,2
BRDA:67,10,0,0
BRDA:67,10,1,2
BRDA:73,11,0,0
BRDA:73,11,1,2
BRDA:79,12,0,0
BRDA:79,12,1,2
BRDA:83,13,0,0
BRDA:83,13,1,2
BRDA:87,14,0,1
BRDA:87,14,1,1
BRDA:95,15,0,2
BRDA:95,15,1,0
BRDA:95,16,0,2
BRDA:95,16,1,2
BRF:34
BRH:26
end_of_record
TN:
SF:src\repositories\TransactionRepository.js
FN:5,(anonymous_0)
FN:18,(anonymous_1)
FN:32,(anonymous_2)
FN:47,(anonymous_3)
FN:63,(anonymous_4)
FN:78,(anonymous_5)
FN:93,(anonymous_6)
FNF:7
FNH:2
FNDA:8,(anonymous_0)
FNDA:0,(anonymous_1)
FNDA:1,(anonymous_2)
FNDA:0,(anonymous_3)
FNDA:0,(anonymous_4)
FNDA:0,(anonymous_5)
FNDA:0,(anonymous_6)
DA:2,5
DA:6,8
DA:10,0
DA:11,0
DA:12,0
DA:14,8
DA:19,0
DA:25,0
DA:26,0
DA:27,0
DA:29,0
DA:33,1
DA:35,1
DA:40,1
DA:41,1
DA:42,1
DA:44,0
DA:48,0
DA:56,0
DA:57,0
DA:58,0
DA:60,0
DA:64,0
DA:71,0
DA:72,0
DA:73,0
DA:75,0
DA:79,0
DA:85,0
DA:86,0
DA:87,0
DA:89,0
DA:94,0
DA:98,5
LF:34
LH:9
BRDA:6,0,0,0
BRDA:6,0,1,8
BRDA:25,1,0,0
BRDA:25,1,1,0
BRDA:33,2,0,0
BRDA:33,2,1,1
BRDA:33,3,0,1
BRDA:33,3,1,1
BRDA:40,4,0,1
BRDA:40,4,1,0
BRDA:44,5,0,0
BRDA:44,5,1,0
BRDA:56,6,0,0
BRDA:56,6,1,0
BRDA:60,7,0,0
BRDA:60,7,1,0
BRDA:71,8,0,0
BRDA:71,8,1,0
BRDA:75,9,0,0
BRDA:75,9,1,0
BRDA:85,10,0,0
BRDA:85,10,1,0
BRDA:89,11,0,0
BRDA:89,11,1,0
BRF:24
BRH:5
end_of_record
TN:
SF:src\repositories\UserRepository.js
FN:8,(anonymous_0)
FN:25,(anonymous_1)
FN:54,(anonymous_2)
FN:80,(anonymous_3)
FN:94,(anonymous_4)
FN:107,(anonymous_5)
FNF:6
FNH:0
FNDA:0,(anonymous_0)
FNDA:0,(anonymous_1)
FNDA:0,(anonymous_2)
FNDA:0,(anonymous_3)
FNDA:0,(anonymous_4)
FNDA:0,(anonymous_5)
DA:1,3
DA:2,3
DA:5,3
DA:10,0
DA:16,0
DA:18,0
DA:19,0
DA:20,0
DA:22,0
DA:27,0
DA:31,0
DA:37,0
DA:38,0
DA:39,0
DA:43,0
DA:44,0
DA:48,0
DA:51,0
DA:55,0
DA:58,0
DA:59,0
DA:64,0
DA:66,0
DA:67,0
DA:69,0
DA:73,0
DA:81,0
DA:87,0
DA:88,0
DA:89,0
DA:91,0
DA:95,0
DA:100,0
DA:101,0
DA:102,0
DA:104,0
DA:109,0
DA:114,0
DA:115,0
DA:121,0
DA:126,0
DA:127,0
DA:128,0
DA:130,0
DA:134,3
LF:45
LH:4
BRDA:5,0,0,3
BRDA:5,0,1,0
BRDA:18,1,0,0
BRDA:18,1,1,0
BRDA:18,2,0,0
BRDA:18,2,1,0
BRDA:22,3,0,0
BRDA:22,3,1,0
BRDA:25,4,0,0
BRDA:37,5,0,0
BRDA:37,5,1,0
BRDA:43,6,0,0
BRDA:43,6,1,0
BRDA:43,7,0,0
BRDA:43,7,1,0
BRDA:48,8,0,0
BRDA:48,8,1,0
BRDA:55,9,0,0
BRDA:55,9,1,0
BRDA:58,10,0,0
BRDA:58,10,1,0
BRDA:64,11,0,0
BRDA:64,11,1,0
BRDA:66,12,0,0
BRDA:66,12,1,0
BRDA:66,13,0,0
BRDA:66,13,1,0
BRDA:87,14,0,0
BRDA:87,14,1,0
BRDA:91,15,0,0
BRDA:91,15,1,0
BRDA:100,16,0,0
BRDA:100,16,1,0
BRDA:114,17,0,0
BRDA:114,17,1,0
BRDA:126,18,0,0
BRDA:126,18,1,0
BRF:37
BRH:1
end_of_record
TN:
SF:src\schemas\transactionSchema.js
FNF:0
FNH:0
DA:1,5
DA:4,5
DA:10,5
DA:20,5
DA:41,5
LF:5
LH:5
BRF:0
BRH:0
end_of_record
TN:
SF:src\services\cacheService.js
FN:6,(anonymous_0)
FN:15,(anonymous_1)
FN:24,(anonymous_2)
FN:44,(anonymous_3)
FNF:4
FNH:4
FNDA:5,(anonymous_0)
FNDA:9,(anonymous_1)
FNDA:5,(anonymous_2)
FNDA:4,(anonymous_3)
DA:1,5
DA:2,5
DA:3,5
DA:7,5
DA:8,5
DA:16,9
DA:25,5
DA:26,5
DA:27,5
DA:28,5
DA:29,5
DA:30,1
DA:31,1
DA:34,0
DA:36,4
DA:45,4
DA:46,4
DA:47,4
DA:48,4
DA:49,4
DA:51,0
DA:56,5
LF:22
LH:20
BRDA:25,0,0,0
BRDA:25,0,1,5
BRDA:29,1,0,1
BRDA:29,1,1,4
BRDA:45,2,0,0
BRDA:45,2,1,4
BRDA:45,3,0,4
BRDA:45,3,1,4
BRF:8
BRH:6
end_of_record
TN:
SF:src\services\circuitBreakerService.js
FN:17,createBreaker
FN:20,(anonymous_1)
FN:28,(anonymous_2)
FN:29,(anonymous_3)
FN:30,(anonymous_4)
FN:31,(anonymous_5)
FNF:6
FNH:1
FNDA:42,createBreaker
FNDA:0,(anonymous_1)
FNDA:0,(anonymous_2)
FNDA:0,(anonymous_3)
FNDA:0,(anonymous_4)
FNDA:0,(anonymous_5)
DA:1,7
DA:2,7
DA:5,7
DA:18,42
DA:20,42
DA:21,0
DA:28,42
DA:29,42
DA:30,42
DA:31,42
DA:33,42
DA:36,7
LF:12
LH:11
BRDA:17,0,0,0
BRDA:17,1,0,42
BRF:2
BRH:1
end_of_record
TN:
SF:src\services\currencyService.js
FN:5,(anonymous_0)
FN:25,(anonymous_1)
FNF:2
FNH:2
FNDA:16,(anonymous_0)
FNDA:8,(anonymous_1)
DA:1,4
DA:2,4
DA:6,16
DA:7,10
DA:8,10
DA:11,8
DA:12,8
DA:13,7
DA:14,7
DA:15,7
DA:17,1
DA:18,1
DA:20,2
DA:21,2
DA:26,8
DA:27,8
DA:33,4
LF:17
LH:17
BRDA:6,0,0,6
BRDA:6,0,1,10
BRDA:6,1,0,16
BRDA:6,1,1,13
BRDA:12,2,0,7
BRDA:12,2,1,1
BRF:6
BRH:6
end_of_record
TN:
SF:src\services\dataProcessor.js
FN:16,_parseContent
FN:26,_normalizeTransactions
FN:47,_processItems
FN:68,_generatePayload
FN:72,(anonymous_4)
FN:92,_handleResponse
FN:106,(anonymous_6)
FN:125,processExtractedData
FNF:8
FNH:6
FNDA:12,_parseContent
FNDA:11,_normalizeTransactions
FNDA:3,_processItems
FNDA:9,_generatePayload
FNDA:9,(anonymous_4)
FNDA:0,_handleResponse
FNDA:0,(anonymous_6)
FNDA:2,processExtractedData
DA:1,4
DA:2,4
DA:5,4
DA:7,4
DA:8,4
DA:9,4
DA:10,4
DA:17,12
DA:18,12
DA:19,9
DA:20,9
DA:22,3
DA:28,11
DA:29,11
DA:30,11
DA:32,11
DA:33,11
DA:35,11
DA:36,2
DA:44,11
DA:48,3
DA:49,3
DA:50,4
DA:51,3
DA:52,3
DA:54,3
DA:56,3
DA:65,3
DA:69,9
DA:70,9
DA:72,9
DA:89,9
DA:93,0
DA:95,0
DA:96,0
DA:104,0
DA:105,0
DA:106,0
DA:107,0
DA:111,0
DA:113,0
DA:114,0
DA:116,0
DA:117,0
DA:126,2
DA:127,2
DA:129,2
DA:130,2
DA:132,2
DA:133,2
DA:135,1
DA:136,1
DA:138,1
DA:140,1
DA:143,1
DA:145,0
DA:148,4
LF:57
LH:44
BRDA:18,0,0,8
BRDA:18,0,1,4
BRDA:19,1,0,1
BRDA:19,1,1,8
BRDA:28,2,0,11
BRDA:28,2,1,8
BRDA:29,3,0,11
BRDA:29,3,1,6
BRDA:30,4,0,2
BRDA:30,4,1,9
BRDA:35,5,0,2
BRDA:35,5,1,9
BRDA:35,6,0,11
BRDA:35,6,1,4
BRDA:37,7,0,2
BRDA:37,7,1,0
BRDA:41,8,0,2
BRDA:41,8,1,0
BRDA:50,9,0,1
BRDA:50,9,1,3
BRDA:51,10,0,3
BRDA:51,10,1,2
BRDA:52,11,0,3
BRDA:52,11,1,3
BRDA:60,12,0,3
BRDA:60,12,1,2
BRDA:69,13,0,5
BRDA:69,13,1,4
BRDA:70,14,0,2
BRDA:70,14,1,7
BRDA:74,15,0,9
BRDA:74,15,1,7
BRDA:82,16,0,9
BRDA:82,16,1,3
BRDA:95,17,0,0
BRDA:95,17,1,0
BRDA:104,18,0,0
BRDA:104,18,1,0
BRDA:104,19,0,0
BRDA:104,19,1,0
BRDA:127,20,0,0
BRDA:127,20,1,2
BRDA:129,21,0,0
BRDA:129,21,1,2
BRDA:130,22,0,0
BRDA:130,22,1,2
BRDA:130,23,0,0
BRDA:130,23,1,0
BRDA:133,24,0,1
BRDA:133,24,1,1
BRDA:136,25,0,0
BRDA:136,25,1,1
BRF:52
BRH:38
end_of_record
TN:
SF:src\services\evolutionService.js
FN:5,(anonymous_0)
FN:29,(anonymous_1)
FN:56,(anonymous_2)
FN:87,(anonymous_3)
FN:111,(anonymous_4)
FN:126,(anonymous_5)
FNF:6
FNH:5
FNDA:2,(anonymous_0)
FNDA:7,(anonymous_1)
FNDA:4,(anonymous_2)
FNDA:0,(anonymous_3)
FNDA:4,(anonymous_4)
FNDA:3,(anonymous_5)
DA:1,2
DA:2,2
DA:6,2
DA:7,2
DA:8,2
DA:10,2
DA:11,2
DA:14,2
DA:30,7
DA:31,7
DA:32,7
DA:33,7
DA:41,7
DA:42,0
DA:44,7
DA:45,7
DA:57,4
DA:58,4
DA:59,4
DA:61,4
DA:75,4
DA:76,0
DA:78,4
DA:79,4
DA:88,0
DA:89,0
DA:90,0
DA:91,0
DA:100,0
DA:101,0
DA:104,0
DA:112,4
DA:113,4
DA:114,4
DA:115,4
DA:116,0
DA:118,4
DA:127,3
DA:128,3
DA:129,3
DA:131,3
DA:136,3
DA:137,0
DA:139,3
DA:140,3
DA:145,2
LF:46
LH:35
BRDA:6,0,0,2
BRDA:6,0,1,2
BRDA:8,1,0,2
BRDA:8,1,1,2
BRDA:10,2,0,2
BRDA:10,2,1,0
BRDA:31,3,0,7
BRDA:31,3,1,5
BRDA:56,4,0,2
BRDA:58,5,0,4
BRDA:58,5,1,3
BRDA:69,6,0,4
BRDA:69,6,1,3
BRDA:71,7,0,4
BRDA:71,7,1,1
BRDA:128,8,0,3
BRDA:128,8,1,2
BRF:17
BRH:16
end_of_record
TN:
SF:src\services\formatterService.js
FN:8,(anonymous_0)
FN:22,(anonymous_1)
FN:34,(anonymous_2)
FN:41,(anonymous_3)
FNF:4
FNH:0
FNDA:0,(anonymous_0)
FNDA:0,(anonymous_1)
FNDA:0,(anonymous_2)
FNDA:0,(anonymous_3)
DA:1,3
DA:3,3
DA:9,0
DA:10,0
DA:11,0
DA:13,0
DA:23,0
DA:24,0
DA:27,0
DA:35,0
DA:43,0
DA:47,3
LF:12
LH:3
BRDA:10,0,0,0
BRDA:10,0,1,0
BRDA:22,1,0,0
BRF:3
BRH:0
end_of_record
TN:
SF:src\services\loggerService.js
FN:16,(anonymous_0)
FNF:1
FNH:1
FNDA:50,(anonymous_0)
DA:1,19
DA:2,19
DA:3,19
DA:6,19
DA:13,19
DA:17,50
DA:18,50
DA:23,19
DA:49,19
DA:50,19
DA:55,0
DA:60,19
LF:12
LH:11
BRDA:17,0,0,50
BRDA:17,0,1,0
BRDA:24,1,0,19
BRDA:24,1,1,19
BRDA:49,2,0,19
BRDA:49,2,1,0
BRF:6
BRH:4
end_of_record
TN:
SF:src\services\openaiService.js
FN:14,_generateEmbedding
FN:26,_generateBatchEmbeddings
FN:35,(anonymous_2)
FN:38,_transcribeAudio
FN:50,_analyzeImage
FN:93,_analyzePdfText
FN:144,_chatCompletion
FN:148,(anonymous_7)
FN:188,(anonymous_8)
FN:189,(anonymous_9)
FN:190,(anonymous_10)
FN:191,(anonymous_11)
FN:192,(anonymous_12)
FN:193,(anonymous_13)
FNF:14
FNH:3
FNDA:0,_generateEmbedding
FNDA:1,_generateBatchEmbeddings
FNDA:1,(anonymous_2)
FNDA:0,_transcribeAudio
FNDA:0,_analyzeImage
FNDA:0,_analyzePdfText
FNDA:0,_chatCompletion
FNDA:0,(anonymous_7)
FNDA:0,(anonymous_8)
FNDA:1,(anonymous_9)
FNDA:0,(anonymous_10)
FNDA:0,(anonymous_11)
FNDA:0,(anonymous_12)
FNDA:0,(anonymous_13)
DA:1,7
DA:2,7
DA:3,7
DA:4,7
DA:6,7
DA:10,7
DA:15,0
DA:16,0
DA:21,0
DA:22,0
DA:23,0
DA:27,1
DA:28,1
DA:33,1
DA:34,1
DA:35,1
DA:39,0
DA:40,0
DA:45,0
DA:46,0
DA:47,0
DA:51,0
DA:52,0
DA:75,0
DA:85,0
DA:86,0
DA:87,0
DA:90,7
DA:94,0
DA:97,0
DA:99,0
DA:131,0
DA:138,0
DA:139,0
DA:141,0
DA:145,0
DA:148,0
DA:150,0
DA:151,0
DA:153,0
DA:154,0
DA:156,0
DA:159,0
DA:164,0
DA:165,0
DA:166,0
DA:169,0
DA:170,0
DA:171,0
DA:172,0
DA:177,7
DA:178,7
DA:179,7
DA:180,7
DA:181,7
DA:182,7
DA:186,7
DA:188,0
DA:189,1
DA:190,0
DA:191,0
DA:192,0
DA:193,0
LF:63
LH:20
BRDA:144,0,0,0
BRDA:144,1,0,0
BRDA:150,2,0,0
BRDA:150,2,1,0
BRDA:153,3,0,0
BRDA:153,3,1,0
BRDA:153,4,0,0
BRDA:153,4,1,0
BRDA:164,5,0,0
BRDA:164,5,1,0
BRF:10
BRH:0
end_of_record
TN:
SF:src\services\queueService.js
FN:13,(anonymous_0)
FN:32,(anonymous_1)
FNF:2
FNH:0
FNDA:0,(anonymous_0)
FNDA:0,(anonymous_1)
DA:1,7
DA:2,7
DA:3,7
DA:6,7
DA:7,7
DA:9,7
DA:14,0
DA:16,0
DA:20,0
DA:22,0
DA:33,0
DA:34,0
DA:42,0
DA:47,7
LF:14
LH:7
BRDA:32,0,0,0
BRF:1
BRH:0
end_of_record
TN:
SF:src\services\redisClient.js
FN:8,(anonymous_0)
FN:15,(anonymous_1)
FN:19,(anonymous_2)
FNF:3
FNH:1
FNDA:0,(anonymous_0)
FNDA:0,(anonymous_1)
FNDA:4,(anonymous_2)
DA:1,11
DA:2,11
DA:5,11
DA:7,11
DA:9,0
DA:10,0
DA:15,11
DA:16,0
DA:19,11
DA:20,4
DA:23,11
LF:11
LH:8
BRDA:5,0,0,11
BRDA:5,0,1,7
BRF:2
BRH:2
end_of_record
TN:
SF:src\services\reportService.js
FN:20,(anonymous_0)
FN:39,(anonymous_1)
FN:64,(anonymous_2)
FN:95,(anonymous_3)
FN:95,(anonymous_4)
FN:109,(anonymous_5)
FNF:6
FNH:6
FNDA:10,(anonymous_0)
FNDA:31,(anonymous_1)
FNDA:105,(anonymous_2)
FNDA:2,(anonymous_3)
FNDA:7,(anonymous_4)
FNDA:26,(anonymous_5)
DA:1,2
DA:2,2
DA:3,2
DA:6,2
DA:7,2
DA:8,2
DA:9,2
DA:21,10
DA:23,10
DA:24,10
DA:25,10
DA:27,10
DA:28,10
DA:29,10
DA:32,10
DA:35,9
DA:36,9
DA:37,9
DA:39,9
DA:40,31
DA:41,31
DA:42,4
DA:44,27
DA:46,27
DA:50,9
DA:53,9
DA:54,9
DA:55,9
DA:56,9
DA:57,9
DA:60,9
DA:61,9
DA:64,9
DA:65,105
DA:74,9
DA:75,9
DA:76,9
DA:77,9
DA:78,9
DA:81,9
DA:82,9
DA:83,9
DA:84,9
DA:85,9
DA:86,9
DA:87,9
DA:88,9
DA:89,9
DA:92,9
DA:93,9
DA:95,9
DA:96,7
DA:97,7
DA:98,7
DA:103,9
DA:106,9
DA:107,9
DA:109,9
DA:110,26
DA:111,26
DA:112,26
DA:114,26
DA:115,26
DA:116,26
DA:120,9
DA:121,9
DA:124,1
DA:125,1
DA:130,2
LF:69
LH:69
BRDA:24,0,0,10
BRDA:24,0,1,9
BRDA:25,1,0,1
BRDA:25,1,1,9
BRDA:41,2,0,4
BRDA:41,2,1,27
BRDA:46,3,0,27
BRDA:46,3,1,7
BRDA:64,4,0,0
BRDA:87,5,0,7
BRDA:87,5,1,2
BRDA:98,6,0,0
BRDA:98,6,1,7
BRDA:111,7,0,4
BRDA:111,7,1,22
BRDA:112,8,0,4
BRDA:112,8,1,22
BRF:17
BRH:15
end_of_record
TN:
SF:src\services\routerService.js
FN:4,(anonymous_0)
FN:15,(anonymous_1)
FNF:2
FNH:2
FNDA:6,(anonymous_0)
FNDA:13,(anonymous_1)
DA:1,6
DA:5,6
DA:6,6
DA:17,13
DA:18,0
DA:19,0
DA:22,13
DA:24,13
DA:29,13
DA:30,13
DA:32,13
DA:37,13
DA:38,7
DA:39,7
DA:44,6
DA:45,3
DA:46,3
DA:51,3
DA:52,3
DA:56,6
LF:20
LH:18
BRDA:15,0,0,13
BRDA:17,1,0,0
BRDA:17,1,1,13
BRDA:17,2,0,13
BRDA:17,2,1,13
BRDA:22,3,0,0
BRDA:22,3,1,13
BRDA:22,4,0,13
BRDA:22,4,1,13
BRDA:37,5,0,7
BRDA:37,5,1,6
BRDA:37,6,0,13
BRDA:37,6,1,7
BRDA:44,7,0,3
BRDA:44,7,1,3
BRF:15
BRH:13
end_of_record
TN:
SF:src\services\securityService.js
FN:11,(anonymous_0)
FN:18,(anonymous_1)
FN:48,(anonymous_2)
FNF:3
FNH:3
FNDA:27,(anonymous_0)
FNDA:7,(anonymous_1)
FNDA:10,(anonymous_2)
DA:1,8
DA:12,27
DA:14,24
DA:18,24
DA:21,7
DA:27,24
DA:31,24
DA:34,24
DA:38,24
DA:40,24
DA:49,10
DA:51,7
DA:54,7
DA:57,7
DA:58,7
DA:61,7
DA:62,7
DA:63,7
DA:69,7
DA:71,7
DA:75,8
LF:21
LH:21
BRDA:12,0,0,3
BRDA:12,0,1,24
BRDA:12,1,0,27
BRDA:12,1,1,24
BRDA:49,2,0,3
BRDA:49,2,1,7
BRF:6
BRH:6
end_of_record
TN:
SF:src\services\sessionService.js
FN:14,(anonymous_0)
FN:31,(anonymous_1)
FN:44,(anonymous_2)
FN:59,(anonymous_3)
FN:73,(anonymous_4)
FN:87,(anonymous_5)
FN:102,(anonymous_6)
FN:116,(anonymous_7)
FN:131,(anonymous_8)
FNF:9
FNH:5
FNDA:2,(anonymous_0)
FNDA:1,(anonymous_1)
FNDA:0,(anonymous_2)
FNDA:0,(anonymous_3)
FNDA:2,(anonymous_4)
FNDA:0,(anonymous_5)
FNDA:1,(anonymous_6)
FNDA:2,(anonymous_7)
FNDA:0,(anonymous_8)
DA:1,4
DA:5,4
DA:6,4
DA:8,4
DA:15,2
DA:16,2
DA:17,2
DA:18,2
DA:20,0
DA:21,0
DA:32,1
DA:33,1
DA:34,1
DA:36,0
DA:45,0
DA:46,0
DA:47,0
DA:49,0
DA:60,0
DA:61,0
DA:62,0
DA:64,0
DA:74,2
DA:75,2
DA:76,2
DA:78,0
DA:79,0
DA:88,0
DA:89,0
DA:90,0
DA:92,0
DA:103,1
DA:104,1
DA:105,1
DA:107,0
DA:117,2
DA:118,2
DA:119,2
DA:120,2
DA:122,0
DA:123,0
DA:132,0
DA:133,0
DA:134,0
DA:136,0
DA:141,4
LF:46
LH:22
BRDA:18,0,0,2
BRDA:18,0,1,0
BRDA:31,1,0,0
BRDA:59,2,0,0
BRDA:102,3,0,1
BRDA:120,4,0,0
BRDA:120,4,1,2
BRF:7
BRH:3
end_of_record
TN:
SF:src\services\supabaseClient.js
FNF:0
FNH:0
DA:1,10
DA:2,10
DA:3,10
DA:6,10
DA:7,10
DA:8,10
DA:10,10
DA:11,0
DA:12,0
DA:17,10
DA:21,10
DA:23,10
DA:24,10
DA:26,0
DA:29,10
LF:15
LH:12
BRDA:7,0,0,10
BRDA:7,0,1,0
BRDA:10,1,0,0
BRDA:10,1,1,10
BRDA:10,2,0,10
BRDA:10,2,1,10
BRDA:23,3,0,10
BRDA:23,3,1,0
BRF:8
BRH:5
end_of_record
TN:
SF:src\services\transactionEmbeddingService.js
FN:4,(anonymous_0)
FN:6,(anonymous_1)
FN:7,(anonymous_2)
FNF:3
FNH:3
FNDA:1,(anonymous_0)
FNDA:1,(anonymous_1)
FNDA:1,(anonymous_2)
DA:1,4
DA:6,1
DA:7,1
DA:9,1
DA:11,1
DA:15,4
LF:6
LH:6
BRDA:7,0,0,1
BRDA:7,0,1,0
BRDA:7,1,0,1
BRDA:7,1,1,0
BRDA:9,2,0,0
BRDA:9,2,1,1
BRF:6
BRH:3
end_of_record
TN:
SF:src\strategies\AudioStrategy.js
FN:11,(anonymous_0)
FN:49,(anonymous_1)
FN:50,(anonymous_2)
FN:70,(anonymous_3)
FNF:4
FNH:3
FNDA:0,(anonymous_0)
FNDA:1,(anonymous_1)
FNDA:1,(anonymous_2)
FNDA:1,(anonymous_3)
DA:1,2
DA:2,2
DA:3,2
DA:4,2
DA:5,2
DA:12,0
DA:13,0
DA:14,0
DA:17,0
DA:18,0
DA:20,0
DA:22,0
DA:23,0
DA:25,0
DA:26,0
DA:27,0
DA:28,0
DA:31,0
DA:34,0
DA:37,0
DA:38,0
DA:39,0
DA:42,0
DA:43,0
DA:44,0
DA:45,0
DA:50,1
DA:52,1
DA:53,0
DA:56,1
DA:57,0
DA:65,1
DA:68,1
DA:70,1
DA:71,1
DA:76,2
LF:36
LH:13
BRDA:25,0,0,0
BRDA:25,0,1,0
BRDA:25,1,0,0
BRDA:25,1,1,0
BRDA:43,2,0,0
BRDA:43,2,1,0
BRDA:43,3,0,0
BRDA:43,3,1,0
BRDA:44,4,0,0
BRDA:44,4,1,0
BRDA:44,5,0,0
BRDA:44,5,1,0
BRDA:52,6,0,0
BRDA:52,6,1,1
BRDA:56,7,0,0
BRDA:56,7,1,1
BRDA:70,8,0,1
BRDA:70,8,1,0
BRF:18
BRH:3
end_of_record
TN:
SF:src\strategies\CsvStrategy.js
FN:5,(anonymous_0)
FNF:1
FNH:0
FNDA:0,(anonymous_0)
DA:1,1
DA:2,1
DA:6,0
DA:7,0
DA:8,0
DA:10,0
DA:11,0
DA:21,0
DA:22,0
DA:24,0
DA:25,0
DA:28,0
DA:34,0
DA:35,0
DA:40,1
LF:15
LH:3
BRDA:8,0,0,0
BRDA:8,0,1,0
BRDA:24,1,0,0
BRDA:24,1,1,0
BRF:4
BRH:0
end_of_record
TN:
SF:src\strategies\ImageStrategy.js
FN:4,(anonymous_0)
FNF:1
FNH:0
FNDA:0,(anonymous_0)
DA:1,1
DA:5,0
DA:6,0
DA:7,0
DA:8,0
DA:10,0
DA:12,0
DA:13,0
DA:14,0
DA:19,1
LF:10
LH:2
BRF:0
BRH:0
end_of_record
TN:
SF:src\strategies\OfxStrategy.js
FN:7,_downloadAndValidateMedia
FN:24,_parseOfxData
FN:30,_extractTransactionList
FN:41,_formatOfxDate
FN:47,_mapTransaction
FN:60,_processTransactions
FN:72,_calculateBalance
FN:73,(anonymous_7)
FN:82,(anonymous_8)
FNF:9
FNH:6
FNDA:2,_downloadAndValidateMedia
FNDA:0,_parseOfxData
FNDA:0,_extractTransactionList
FNDA:3,_formatOfxDate
FNDA:2,_mapTransaction
FNDA:1,_processTransactions
FNDA:2,_calculateBalance
FNDA:3,(anonymous_7)
FNDA:0,(anonymous_8)
DA:1,2
DA:2,2
DA:3,2
DA:8,2
DA:9,2
DA:11,2
DA:12,2
DA:13,1
DA:14,1
DA:17,2
DA:18,1
DA:21,1
DA:25,0
DA:26,0
DA:27,0
DA:35,0
DA:36,0
DA:38,0
DA:43,3
DA:44,3
DA:48,2
DA:50,2
DA:61,1
DA:62,1
DA:65,0
DA:69,0
DA:73,2
DA:74,3
DA:83,0
DA:85,0
DA:86,0
DA:87,0
DA:94,0
DA:97,0
DA:98,0
DA:101,0
DA:102,0
DA:109,0
DA:111,0
DA:121,0
DA:122,0
DA:130,2
LF:42
LH:21
BRDA:11,0,0,1
BRDA:11,0,1,1
BRDA:12,1,0,1
BRDA:12,1,1,1
BRDA:14,2,0,1
BRDA:14,2,1,0
BRDA:17,3,0,1
BRDA:17,3,1,1
BRDA:17,4,0,2
BRDA:17,4,1,1
BRDA:38,5,0,0
BRDA:38,5,1,0
BRDA:51,6,0,2
BRDA:51,6,1,0
BRDA:53,7,0,1
BRDA:53,7,1,1
BRDA:61,8,0,1
BRDA:61,8,1,0
BRDA:61,9,0,1
BRDA:61,9,1,0
BRDA:65,10,0,0
BRDA:65,10,1,0
BRDA:74,11,0,2
BRDA:74,11,1,1
BRDA:86,12,0,0
BRDA:86,12,1,0
BRDA:101,13,0,0
BRDA:101,13,1,0
BRF:28
BRH:16
end_of_record
TN:
SF:src\strategies\PdfRetryStrategy.js
FN:4,(anonymous_0)
FNF:1
FNH:0
FNDA:0,(anonymous_0)
DA:1,1
DA:6,0
DA:7,0
DA:9,0
DA:10,0
DA:12,0
DA:16,1
LF:7
LH:2
BRDA:9,0,0,0
BRDA:9,0,1,0
BRF:2
BRH:0
end_of_record
TN:
SF:src\strategies\PdfStrategy.js
FN:12,(anonymous_0)
FN:46,(anonymous_1)
FN:74,(anonymous_2)
FN:79,(anonymous_3)
FN:104,(anonymous_4)
FNF:5
FNH:0
FNDA:0,(anonymous_0)
FNDA:0,(anonymous_1)
FNDA:0,(anonymous_2)
FNDA:0,(anonymous_3)
FNDA:0,(anonymous_4)
DA:1,1
DA:2,1
DA:13,0
DA:14,0
DA:16,0
DA:17,0
DA:18,0
DA:22,0
DA:25,0
DA:27,0
DA:35,0
DA:38,0
DA:41,0
DA:42,0
DA:43,0
DA:44,0
DA:45,0
DA:46,0
DA:47,0
DA:50,0
DA:54,0
DA:58,0
DA:59,0
DA:60,0
DA:63,0
DA:66,0
DA:67,0
DA:70,0
DA:73,0
DA:74,0
DA:80,0
DA:81,0
DA:83,0
DA:86,0
DA:88,0
DA:89,0
DA:96,0
DA:97,0
DA:98,0
DA:101,0
DA:105,0
DA:106,0
DA:108,0
DA:109,0
DA:110,0
DA:114,0
DA:115,0
DA:119,1
LF:48
LH:3
BRDA:17,0,0,0
BRDA:17,0,1,0
BRDA:29,1,0,0
BRDA:29,1,1,0
BRDA:50,2,0,0
BRDA:50,2,1,0
BRDA:58,3,0,0
BRDA:58,3,1,0
BRDA:58,4,0,0
BRDA:58,4,1,0
BRDA:58,4,2,0
BRDA:66,5,0,0
BRDA:66,5,1,0
BRDA:73,6,0,0
BRDA:73,6,1,0
BRDA:73,7,0,0
BRDA:73,7,1,0
BRDA:81,8,0,0
BRDA:81,8,1,0
BRDA:88,9,0,0
BRDA:88,9,1,0
BRDA:96,10,0,0
BRDA:96,10,1,0
BRDA:96,11,0,0
BRDA:96,11,1,0
BRDA:101,12,0,0
BRDA:101,12,1,0
BRDA:108,13,0,0
BRDA:108,13,1,0
BRDA:108,14,0,0
BRDA:108,14,1,0
BRDA:114,15,0,0
BRDA:114,15,1,0
BRF:33
BRH:0
end_of_record
TN:
SF:src\strategies\TextStrategy.js
FN:14,_checkMaliciousInput
FN:26,(anonymous_1)
FN:29,_buildRAGContext
FN:32,(anonymous_3)
FN:35,_getToolsDefinition
FN:59,_buildSystemPrompts
FN:157,_selectPromptVersion
FN:161,_handleReportGeneration
FN:184,_handleToolCall
FN:217,(anonymous_9)
FNF:10
FNH:8
FNDA:45,_checkMaliciousInput
FNDA:371,(anonymous_1)
FNDA:36,_buildRAGContext
FNDA:0,(anonymous_3)
FNDA:36,_getToolsDefinition
FNDA:36,_buildSystemPrompts
FNDA:36,_selectPromptVersion
FNDA:0,_handleReportGeneration
FNDA:2,_handleToolCall
FNDA:45,(anonymous_9)
DA:1,5
DA:2,5
DA:3,5
DA:4,5
DA:7,5
DA:8,5
DA:9,5
DA:10,5
DA:15,45
DA:26,371
DA:30,36
DA:31,36
DA:32,36
DA:36,36
DA:60,36
DA:158,36
DA:162,0
DA:163,0
DA:164,0
DA:165,0
DA:166,0
DA:169,0
DA:179,0
DA:180,0
DA:185,2
DA:186,2
DA:188,2
DA:189,0
DA:190,0
DA:191,0
DA:193,0
DA:196,2
DA:197,0
DA:199,2
DA:200,0
DA:201,0
DA:202,0
DA:204,0
DA:207,2
DA:218,45
DA:221,45
DA:222,7
DA:223,7
DA:230,38
DA:231,38
DA:232,2
DA:233,2
DA:237,36
DA:238,36
DA:239,36
DA:240,36
DA:243,36
DA:244,36
DA:245,36
DA:248,36
DA:255,36
DA:256,36
DA:259,36
DA:262,36
DA:263,2
DA:269,34
DA:272,34
DA:273,2
DA:274,2
DA:277,2
DA:278,0
DA:281,2
DA:285,32
DA:292,32
DA:294,32
DA:298,5
LF:71
LH:53
BRDA:31,0,0,6
BRDA:31,0,1,30
BRDA:62,1,0,36
BRDA:62,1,1,36
BRDA:124,2,0,36
BRDA:124,2,1,36
BRDA:158,3,0,15
BRDA:158,3,1,21
BRDA:164,4,0,0
BRDA:164,4,1,0
BRDA:174,5,0,0
BRDA:174,5,1,0
BRDA:174,6,0,0
BRDA:174,6,1,0
BRDA:188,7,0,0
BRDA:188,7,1,2
BRDA:189,8,0,0
BRDA:189,8,1,0
BRDA:191,9,0,0
BRDA:191,9,1,0
BRDA:193,10,0,0
BRDA:193,10,1,0
BRDA:196,11,0,0
BRDA:196,11,1,2
BRDA:199,12,0,0
BRDA:199,12,1,2
BRDA:201,13,0,0
BRDA:201,13,1,0
BRDA:201,14,0,0
BRDA:201,14,1,0
BRDA:221,15,0,7
BRDA:221,15,1,38
BRDA:231,16,0,2
BRDA:231,16,1,36
BRDA:262,17,0,2
BRDA:262,17,1,34
BRDA:262,18,0,36
BRDA:262,18,1,2
BRDA:265,19,0,2
BRDA:265,19,1,1
BRDA:272,20,0,2
BRDA:272,20,1,32
BRDA:277,21,0,0
BRDA:277,21,1,2
BRF:44
BRH:24
end_of_record
TN:
SF:src\strategies\XlsxStrategy.js
FN:5,(anonymous_0)
FN:25,(anonymous_1)
FNF:2
FNH:0
FNDA:0,(anonymous_0)
FNDA:0,(anonymous_1)
DA:1,1
DA:2,1
DA:6,0
DA:8,0
DA:9,0
DA:11,0
DA:14,0
DA:15,0
DA:18,0
DA:19,0
DA:20,0
DA:24,0
DA:25,0
DA:26,0
DA:27,0
DA:30,0
DA:31,0
DA:35,0
DA:36,0
DA:38,0
DA:39,0
DA:42,0
DA:48,0
DA:49,0
DA:54,1
LF:25
LH:3
BRDA:9,0,0,0
BRDA:9,0,1,0
BRDA:19,1,0,0
BRDA:19,1,1,0
BRDA:27,2,0,0
BRDA:27,2,1,0
BRDA:38,3,0,0
BRDA:38,3,1,0
BRF:8
BRH:0
end_of_record
TN:
SF:src\utils\dateUtility.js
FN:9,parseAnyDate
FN:31,formatToISO
FN:42,formatToDisplay
FNF:3
FNH:2
FNDA:6,parseAnyDate
FNDA:7,formatToISO
FNDA:0,formatToDisplay
DA:1,3
DA:10,6
DA:15,6
DA:16,6
DA:19,0
DA:20,0
DA:23,6
DA:32,7
DA:33,7
DA:34,7
DA:43,0
DA:44,0
DA:45,0
DA:46,0
DA:49,3
LF:15
LH:9
BRDA:10,0,0,0
BRDA:10,0,1,6
BRDA:15,1,0,6
BRDA:15,1,1,0
BRDA:19,2,0,0
BRDA:19,2,1,0
BRDA:23,3,0,6
BRDA:23,3,1,0
BRDA:32,4,0,1
BRDA:32,4,1,6
BRDA:33,5,0,6
BRDA:33,5,1,1
BRDA:43,6,0,0
BRDA:43,6,1,0
BRDA:44,7,0,0
BRDA:44,7,1,0
BRDA:45,8,0,0
BRDA:45,8,1,0
BRF:18
BRH:7
end_of_record
TN:
SF:src\workers\mediaWorker.js
FN:13,_createMockMessage
FN:23,(anonymous_1)
FN:35,_processAIResponse
FN:64,_handleTextCommand
FN:80,_handlePdfPasswordRequest
FN:89,_processStrategyResult
FN:110,(anonymous_6)
FN:116,(anonymous_7)
FN:141,(anonymous_8)
FN:145,(anonymous_9)
FNF:10
FNH:6
FNDA:3,_createMockMessage
FNDA:1,(anonymous_1)
FNDA:4,_processAIResponse
FNDA:1,_handleTextCommand
FNDA:1,_handlePdfPasswordRequest
FNDA:4,_processStrategyResult
FNDA:0,(anonymous_6)
FNDA:0,(anonymous_7)
FNDA:0,(anonymous_8)
FNDA:0,(anonymous_9)
DA:1,2
DA:2,2
DA:3,2
DA:4,2
DA:5,2
DA:6,2
DA:7,2
DA:8,2
DA:9,2
DA:14,3
DA:16,3
DA:23,1
DA:31,3
DA:32,3
DA:36,4
DA:37,4
DA:40,4
DA:41,4
DA:42,4
DA:43,4
DA:44,1
DA:47,4
DA:48,4
DA:49,1
DA:50,1
DA:52,1
DA:53,1
DA:58,4
DA:59,3
DA:61,4
DA:65,1
DA:66,1
DA:68,1
DA:70,1
DA:71,1
DA:73,1
DA:74,1
DA:75,1
DA:76,1
DA:81,1
DA:85,1
DA:86,1
DA:90,4
DA:92,4
DA:94,1
DA:95,1
DA:97,1
DA:98,1
DA:100,1
DA:101,1
DA:103,1
DA:104,1
DA:110,2
DA:111,0
DA:112,0
DA:114,0
DA:116,0
DA:117,0
DA:118,0
DA:120,0
DA:124,0
DA:125,0
DA:128,0
DA:129,0
DA:131,0
DA:134,0
DA:135,0
DA:136,0
DA:141,2
DA:142,0
DA:145,2
DA:146,0
DA:150,2
DA:151,2
DA:152,2
DA:153,2
DA:154,2
DA:156,2
LF:78
LH:61
BRDA:19,0,0,3
BRDA:19,0,1,2
BRDA:20,1,0,1
BRDA:20,1,1,2
BRDA:31,2,0,1
BRDA:31,2,1,2
BRDA:36,3,0,4
BRDA:36,3,1,0
BRDA:43,4,0,1
BRDA:43,4,1,3
BRDA:43,5,0,4
BRDA:43,5,1,2
BRDA:43,5,2,1
BRDA:50,6,0,1
BRDA:50,6,1,0
BRDA:58,7,0,3
BRDA:58,7,1,1
BRDA:70,8,0,1
BRDA:70,8,1,0
BRDA:70,9,0,1
BRDA:70,9,1,0
BRDA:75,10,0,0
BRDA:75,10,1,1
BRDA:81,11,0,1
BRDA:81,11,1,0
BRDA:90,12,0,0
BRDA:90,12,1,4
BRDA:92,13,0,1
BRDA:92,13,1,1
BRDA:92,13,2,1
BRDA:92,13,3,1
BRF:31
BRH:24
end_of_record
